<!DOCTYPE html>

<html>
  <head>
  <meta charset='utf-8'>
  <title>TestNG reports</title>

    <link type="text/css" href="testng-reports.css" rel="stylesheet" />
    <script type="text/javascript" src="jquery-1.7.1.min.js"></script>
    <script type="text/javascript" src="testng-reports.js"></script>
    <script type="text/javascript" src="https://www.google.com/jsapi"></script>
    <script type='text/javascript'>
      google.load('visualization', '1', {packages:['table']});
      google.setOnLoadCallback(drawTable);
      var suiteTableInitFunctions = new Array();
      var suiteTableData = new Array();
    </script>
    <!--
      <script type="text/javascript" src="jquery-ui/js/jquery-ui-1.8.16.custom.min.js"></script>
     -->
  </head>

  <body>
    <div class="top-banner-root">
      <span class="top-banner-title-font">Test results</span>
      <br/>
      <span class="top-banner-font-1">1 suite</span>
    </div> <!-- top-banner-root -->
    <div class="navigator-root">
      <div class="navigator-suite-header">
        <span>All suites</span>
        <a href="#" title="Collapse/expand all the suites" class="collapse-all-link">
          <img src="collapseall.gif" class="collapse-all-icon">
          </img> <!-- collapse-all-icon -->
        </a> <!-- collapse-all-link -->
      </div> <!-- navigator-suite-header -->
      <div class="suite">
        <div class="rounded-window">
          <div class="suite-header light-rounded-window-top">
            <a href="#" panel-name="suite-Amazon_Automation_Script" class="navigator-link">
              <span class="suite-name border-skipped">Amazon Automation Script</span>
            </a> <!-- navigator-link -->
          </div> <!-- suite-header light-rounded-window-top -->
          <div class="navigator-suite-content">
            <div class="suite-section-title">
              <span>Info</span>
            </div> <!-- suite-section-title -->
            <div class="suite-section-content">
              <ul>
                <li>
                  <a href="#" panel-name="test-xml-Amazon_Automation_Script" class="navigator-link ">
                    <span>AmazonTestRunner.xml</span>
                  </a> <!-- navigator-link  -->
                </li>
                <li>
                  <a href="#" panel-name="testlist-Amazon_Automation_Script" class="navigator-link ">
                    <span class="test-stats">1 test</span>
                  </a> <!-- navigator-link  -->
                </li>
                <li>
                  <a href="#" panel-name="group-Amazon_Automation_Script" class="navigator-link ">
                    <span>0 groups</span>
                  </a> <!-- navigator-link  -->
                </li>
                <li>
                  <a href="#" panel-name="times-Amazon_Automation_Script" class="navigator-link ">
                    <span>Times</span>
                  </a> <!-- navigator-link  -->
                </li>
                <li>
                  <a href="#" panel-name="reporter-Amazon_Automation_Script" class="navigator-link ">
                    <span>Reporter output</span>
                  </a> <!-- navigator-link  -->
                </li>
                <li>
                  <a href="#" panel-name="ignored-methods-Amazon_Automation_Script" class="navigator-link ">
                    <span>Ignored methods</span>
                  </a> <!-- navigator-link  -->
                </li>
                <li>
                  <a href="#" panel-name="chronological-Amazon_Automation_Script" class="navigator-link ">
                    <span>Chronological view</span>
                  </a> <!-- navigator-link  -->
                </li>
              </ul>
            </div> <!-- suite-section-content -->
            <div class="result-section">
              <div class="suite-section-title">
                <span>Results</span>
              </div> <!-- suite-section-title -->
              <div class="suite-section-content">
                <ul>
                  <li>
                    <span class="method-stats">69 methods,  69 skipped,  </span>
                  </li>
                  <li>
                    <span class="method-list-title skipped">Skipped methods</span>
                    <span class="show-or-hide-methods skipped">
                      <a href="#" panel-name="suite-Amazon_Automation_Script" class="hide-methods skipped suite-Amazon_Automation_Script"> (hide)</a> <!-- hide-methods skipped suite-Amazon_Automation_Script -->
                      <a href="#" panel-name="suite-Amazon_Automation_Script" class="show-methods skipped suite-Amazon_Automation_Script"> (show)</a> <!-- show-methods skipped suite-Amazon_Automation_Script -->
                    </span>
                    <div class="method-list-content skipped suite-Amazon_Automation_Script">
                      <span>
                        <img src="skipped.png" width="3%"/>
                        <a href="#" panel-name="suite-Amazon_Automation_Script" title="testHomePage.TestMainPage" class="method navigator-link" hash-for-method="testAboutAmazon">testAboutAmazon</a> <!-- method navigator-link -->
                      </span>
                      <br/>
                      <span>
                        <img src="skipped.png" width="3%"/>
                        <a href="#" panel-name="suite-Amazon_Automation_Script" title="testHomePage.TestMainPage" class="method navigator-link" hash-for-method="testAdFeedback">testAdFeedback</a> <!-- method navigator-link -->
                      </span>
                      <br/>
                      <span>
                        <img src="skipped.png" width="3%"/>
                        <a href="#" panel-name="suite-Amazon_Automation_Script" title="testHomePage.TestMainPage" class="method navigator-link" hash-for-method="testAdvertiseYourProducts">testAdvertiseYourProducts</a> <!-- method navigator-link -->
                      </span>
                      <br/>
                      <span>
                        <img src="skipped.png" width="3%"/>
                        <a href="#" panel-name="suite-Amazon_Automation_Script" title="testHomePage.TestMainPage" class="method navigator-link" hash-for-method="testAffordableApparel">testAffordableApparel</a> <!-- method navigator-link -->
                      </span>
                      <br/>
                      <span>
                        <img src="skipped.png" width="3%"/>
                        <a href="#" panel-name="suite-Amazon_Automation_Script" title="testHomePage.TestMainPage" class="method navigator-link" hash-for-method="testAmazonAdvertising">testAmazonAdvertising</a> <!-- method navigator-link -->
                      </span>
                      <br/>
                      <span>
                        <img src="skipped.png" width="3%"/>
                        <a href="#" panel-name="suite-Amazon_Automation_Script" title="testHomePage.TestMainPage" class="method navigator-link" hash-for-method="testAmazonAssistant">testAmazonAssistant</a> <!-- method navigator-link -->
                      </span>
                      <br/>
                      <span>
                        <img src="skipped.png" width="3%"/>
                        <a href="#" panel-name="suite-Amazon_Automation_Script" title="testHomePage.TestMainPage" class="method navigator-link" hash-for-method="testAmazonBusiness">testAmazonBusiness</a> <!-- method navigator-link -->
                      </span>
                      <br/>
                      <span>
                        <img src="skipped.png" width="3%"/>
                        <a href="#" panel-name="suite-Amazon_Automation_Script" title="testHomePage.TestMainPage" class="method navigator-link" hash-for-method="testAmazonBusinessCard">testAmazonBusinessCard</a> <!-- method navigator-link -->
                      </span>
                      <br/>
                      <span>
                        <img src="skipped.png" width="3%"/>
                        <a href="#" panel-name="suite-Amazon_Automation_Script" title="testHomePage.TestMainPage" class="method navigator-link" hash-for-method="testAmazonCurrencyConverter">testAmazonCurrencyConverter</a> <!-- method navigator-link -->
                      </span>
                      <br/>
                      <span>
                        <img src="skipped.png" width="3%"/>
                        <a href="#" panel-name="suite-Amazon_Automation_Script" title="testHomePage.TestMainPage" class="method navigator-link" hash-for-method="testAmazonDevices">testAmazonDevices</a> <!-- method navigator-link -->
                      </span>
                      <br/>
                      <span>
                        <img src="skipped.png" width="3%"/>
                        <a href="#" panel-name="suite-Amazon_Automation_Script" title="testHomePage.TestMainPage" class="method navigator-link" hash-for-method="testAmazonDotComCorporateCreditLine">testAmazonDotComCorporateCreditLine</a> <!-- method navigator-link -->
                      </span>
                      <br/>
                      <span>
                        <img src="skipped.png" width="3%"/>
                        <a href="#" panel-name="suite-Amazon_Automation_Script" title="testHomePage.TestMainPage" class="method navigator-link" hash-for-method="testAmazonDotComStoreCard">testAmazonDotComStoreCard</a> <!-- method navigator-link -->
                      </span>
                      <br/>
                      <span>
                        <img src="skipped.png" width="3%"/>
                        <a href="#" panel-name="suite-Amazon_Automation_Script" title="testHomePage.TestMainPage" class="method navigator-link" hash-for-method="testAmazonDrive">testAmazonDrive</a> <!-- method navigator-link -->
                      </span>
                      <br/>
                      <span>
                        <img src="skipped.png" width="3%"/>
                        <a href="#" panel-name="suite-Amazon_Automation_Script" title="testHomePage.TestMainPage" class="method navigator-link" hash-for-method="testAmazonFresh">testAmazonFresh</a> <!-- method navigator-link -->
                      </span>
                      <br/>
                      <span>
                        <img src="skipped.png" width="3%"/>
                        <a href="#" panel-name="suite-Amazon_Automation_Script" title="testHomePage.TestMainPage" class="method navigator-link" hash-for-method="testAmazonGlobal">testAmazonGlobal</a> <!-- method navigator-link -->
                      </span>
                      <br/>
                      <span>
                        <img src="skipped.png" width="3%"/>
                        <a href="#" panel-name="suite-Amazon_Automation_Script" title="testHomePage.TestMainPage" class="method navigator-link" hash-for-method="testAmazonMusic">testAmazonMusic</a> <!-- method navigator-link -->
                      </span>
                      <br/>
                      <span>
                        <img src="skipped.png" width="3%"/>
                        <a href="#" panel-name="suite-Amazon_Automation_Script" title="testHomePage.TestMainPage" class="method navigator-link" hash-for-method="testAmazonPaymentProducts">testAmazonPaymentProducts</a> <!-- method navigator-link -->
                      </span>
                      <br/>
                      <span>
                        <img src="skipped.png" width="3%"/>
                        <a href="#" panel-name="suite-Amazon_Automation_Script" title="testHomePage.TestMainPage" class="method navigator-link" hash-for-method="testAmazonPhotos">testAmazonPhotos</a> <!-- method navigator-link -->
                      </span>
                      <br/>
                      <span>
                        <img src="skipped.png" width="3%"/>
                        <a href="#" panel-name="suite-Amazon_Automation_Script" title="testHomePage.TestMainPage" class="method navigator-link" hash-for-method="testAmazonPrime">testAmazonPrime</a> <!-- method navigator-link -->
                      </span>
                      <br/>
                      <span>
                        <img src="skipped.png" width="3%"/>
                        <a href="#" panel-name="suite-Amazon_Automation_Script" title="testHomePage.TestMainPage" class="method navigator-link" hash-for-method="testAmazonRewardsVisaSignatureCards">testAmazonRewardsVisaSignatureCards</a> <!-- method navigator-link -->
                      </span>
                      <br/>
                      <span>
                        <img src="skipped.png" width="3%"/>
                        <a href="#" panel-name="suite-Amazon_Automation_Script" title="testHomePage.TestMainPage" class="method navigator-link" hash-for-method="testAmazonWebServices">testAmazonWebServices</a> <!-- method navigator-link -->
                      </span>
                      <br/>
                      <span>
                        <img src="skipped.png" width="3%"/>
                        <a href="#" panel-name="suite-Amazon_Automation_Script" title="testHomePage.TestMainPage" class="method navigator-link" hash-for-method="testAudible">testAudible</a> <!-- method navigator-link -->
                      </span>
                      <br/>
                      <span>
                        <img src="skipped.png" width="3%"/>
                        <a href="#" panel-name="suite-Amazon_Automation_Script" title="testHomePage.TestMainPage" class="method navigator-link" hash-for-method="testBecomeAnAffiliate">testBecomeAnAffiliate</a> <!-- method navigator-link -->
                      </span>
                      <br/>
                      <span>
                        <img src="skipped.png" width="3%"/>
                        <a href="#" panel-name="suite-Amazon_Automation_Script" title="testHomePage.TestMainPage" class="method navigator-link" hash-for-method="testBlog">testBlog</a> <!-- method navigator-link -->
                      </span>
                      <br/>
                      <span>
                        <img src="skipped.png" width="3%"/>
                        <a href="#" panel-name="suite-Amazon_Automation_Script" title="testHomePage.TestMainPage" class="method navigator-link" hash-for-method="testBookDepository">testBookDepository</a> <!-- method navigator-link -->
                      </span>
                      <br/>
                      <span>
                        <img src="skipped.png" width="3%"/>
                        <a href="#" panel-name="suite-Amazon_Automation_Script" title="testHomePage.TestMainPage" class="method navigator-link" hash-for-method="testCareer">testCareer</a> <!-- method navigator-link -->
                      </span>
                      <br/>
                      <span>
                        <img src="skipped.png" width="3%"/>
                        <a href="#" panel-name="suite-Amazon_Automation_Script" title="testHomePage.TestMainPage" class="method navigator-link" hash-for-method="testCreditCardMarketplace">testCreditCardMarketplace</a> <!-- method navigator-link -->
                      </span>
                      <br/>
                      <span>
                        <img src="skipped.png" width="3%"/>
                        <a href="#" panel-name="suite-Amazon_Automation_Script" title="testHomePage.TestMainPage" class="method navigator-link" hash-for-method="testEastDane">testEastDane</a> <!-- method navigator-link -->
                      </span>
                      <br/>
                      <span>
                        <img src="skipped.png" width="3%"/>
                        <a href="#" panel-name="suite-Amazon_Automation_Script" title="testHomePage.TestMainPage" class="method navigator-link" hash-for-method="testEmailPhoneForMobileAccounts">testEmailPhoneForMobileAccounts</a> <!-- method navigator-link -->
                      </span>
                      <br/>
                      <span>
                        <img src="skipped.png" width="3%"/>
                        <a href="#" panel-name="suite-Amazon_Automation_Script" title="testHomePage.TestMainPage" class="method navigator-link" hash-for-method="testFabric">testFabric</a> <!-- method navigator-link -->
                      </span>
                      <br/>
                      <span>
                        <img src="skipped.png" width="3%"/>
                        <a href="#" panel-name="suite-Amazon_Automation_Script" title="testHomePage.TestMainPage" class="method navigator-link" hash-for-method="testGetToKnowUs">testGetToKnowUs</a> <!-- method navigator-link -->
                      </span>
                      <br/>
                      <span>
                        <img src="skipped.png" width="3%"/>
                        <a href="#" panel-name="suite-Amazon_Automation_Script" title="testHomePage.TestMainPage" class="method navigator-link" hash-for-method="testGiftCards">testGiftCards</a> <!-- method navigator-link -->
                      </span>
                      <br/>
                      <span>
                        <img src="skipped.png" width="3%"/>
                        <a href="#" panel-name="suite-Amazon_Automation_Script" title="testHomePage.TestMainPage" class="method navigator-link" hash-for-method="testGoodReads">testGoodReads</a> <!-- method navigator-link -->
                      </span>
                      <br/>
                      <span>
                        <img src="skipped.png" width="3%"/>
                        <a href="#" panel-name="suite-Amazon_Automation_Script" title="testHomePage.TestMainPage" class="method navigator-link" hash-for-method="testInvestorRelations">testInvestorRelations</a> <!-- method navigator-link -->
                      </span>
                      <br/>
                      <span>
                        <img src="skipped.png" width="3%"/>
                        <a href="#" panel-name="suite-Amazon_Automation_Script" title="testHomePage.TestMainPage" class="method navigator-link" hash-for-method="testLetUsHelpYou">testLetUsHelpYou</a> <!-- method navigator-link -->
                      </span>
                      <br/>
                      <span>
                        <img src="skipped.png" width="3%"/>
                        <a href="#" panel-name="suite-Amazon_Automation_Script" title="testHomePage.TestMainPage" class="method navigator-link" hash-for-method="testLogo">testLogo</a> <!-- method navigator-link -->
                      </span>
                      <br/>
                      <span>
                        <img src="skipped.png" width="3%"/>
                        <a href="#" panel-name="suite-Amazon_Automation_Script" title="testHomePage.TestMainPage" class="method navigator-link" hash-for-method="testMakeMoneyWithUs">testMakeMoneyWithUs</a> <!-- method navigator-link -->
                      </span>
                      <br/>
                      <span>
                        <img src="skipped.png" width="3%"/>
                        <a href="#" panel-name="suite-Amazon_Automation_Script" title="testHomePage.TestMainPage" class="method navigator-link" hash-for-method="testManageYourContentAndDevices">testManageYourContentAndDevices</a> <!-- method navigator-link -->
                      </span>
                      <br/>
                      <span>
                        <img src="skipped.png" width="3%"/>
                        <a href="#" panel-name="suite-Amazon_Automation_Script" title="testHomePage.TestMainPage" class="method navigator-link" hash-for-method="testNewYear">testNewYear</a> <!-- method navigator-link -->
                      </span>
                      <br/>
                      <span>
                        <img src="skipped.png" width="3%"/>
                        <a href="#" panel-name="suite-Amazon_Automation_Script" title="testHomePage.TestMainPage" class="method navigator-link" hash-for-method="testNewYearNewYouReinventYourself">testNewYearNewYouReinventYourself</a> <!-- method navigator-link -->
                      </span>
                      <br/>
                      <span>
                        <img src="skipped.png" width="3%"/>
                        <a href="#" panel-name="suite-Amazon_Automation_Script" title="testHomePage.TestMainPage" class="method navigator-link" hash-for-method="testOrders">testOrders</a> <!-- method navigator-link -->
                      </span>
                      <br/>
                      <span>
                        <img src="skipped.png" width="3%"/>
                        <a href="#" panel-name="suite-Amazon_Automation_Script" title="testHomePage.TestMainPage" class="method navigator-link" hash-for-method="testPressCenter">testPressCenter</a> <!-- method navigator-link -->
                      </span>
                      <br/>
                      <span>
                        <img src="skipped.png" width="3%"/>
                        <a href="#" panel-name="suite-Amazon_Automation_Script" title="testHomePage.TestMainPage" class="method navigator-link" hash-for-method="testPrimeNow">testPrimeNow</a> <!-- method navigator-link -->
                      </span>
                      <br/>
                      <span>
                        <img src="skipped.png" width="3%"/>
                        <a href="#" panel-name="suite-Amazon_Automation_Script" title="testHomePage.TestMainPage" class="method navigator-link" hash-for-method="testPrimeVideoDirect">testPrimeVideoDirect</a> <!-- method navigator-link -->
                      </span>
                      <br/>
                      <span>
                        <img src="skipped.png" width="3%"/>
                        <a href="#" panel-name="suite-Amazon_Automation_Script" title="testHomePage.TestMainPage" class="method navigator-link" hash-for-method="testRecommendedItemsOtherCustomersOftenBuyAgain">testRecommendedItemsOtherCustomersOftenBuyAgain</a> <!-- method navigator-link -->
                      </span>
                      <br/>
                      <span>
                        <img src="skipped.png" width="3%"/>
                        <a href="#" panel-name="suite-Amazon_Automation_Script" title="testHomePage.TestMainPage" class="method navigator-link" hash-for-method="testReloadYourBalance">testReloadYourBalance</a> <!-- method navigator-link -->
                      </span>
                      <br/>
                      <span>
                        <img src="skipped.png" width="3%"/>
                        <a href="#" panel-name="suite-Amazon_Automation_Script" title="testHomePage.TestMainPage" class="method navigator-link" hash-for-method="testReturnsAndReplacements">testReturnsAndReplacements</a> <!-- method navigator-link -->
                      </span>
                      <br/>
                      <span>
                        <img src="skipped.png" width="3%"/>
                        <a href="#" panel-name="suite-Amazon_Automation_Script" title="testHomePage.TestMainPage" class="method navigator-link" hash-for-method="testSeeMore">testSeeMore</a> <!-- method navigator-link -->
                      </span>
                      <br/>
                      <span>
                        <img src="skipped.png" width="3%"/>
                        <a href="#" panel-name="suite-Amazon_Automation_Script" title="testHomePage.TestMainPage" class="method navigator-link" hash-for-method="testSelfPublishWithUs">testSelfPublishWithUs</a> <!-- method navigator-link -->
                      </span>
                      <br/>
                      <span>
                        <img src="skipped.png" width="3%"/>
                        <a href="#" panel-name="suite-Amazon_Automation_Script" title="testHomePage.TestMainPage" class="method navigator-link" hash-for-method="testSellOnAmazon">testSellOnAmazon</a> <!-- method navigator-link -->
                      </span>
                      <br/>
                      <span>
                        <img src="skipped.png" width="3%"/>
                        <a href="#" panel-name="suite-Amazon_Automation_Script" title="testHomePage.TestMainPage" class="method navigator-link" hash-for-method="testSellOnAmazonBusiness">testSellOnAmazonBusiness</a> <!-- method navigator-link -->
                      </span>
                      <br/>
                      <span>
                        <img src="skipped.png" width="3%"/>
                        <a href="#" panel-name="suite-Amazon_Automation_Script" title="testHomePage.TestMainPage" class="method navigator-link" hash-for-method="testSellOnAmazonHandmade">testSellOnAmazonHandmade</a> <!-- method navigator-link -->
                      </span>
                      <br/>
                      <span>
                        <img src="skipped.png" width="3%"/>
                        <a href="#" panel-name="suite-Amazon_Automation_Script" title="testHomePage.TestMainPage" class="method navigator-link" hash-for-method="testSellUnderPrivateBrands">testSellUnderPrivateBrands</a> <!-- method navigator-link -->
                      </span>
                      <br/>
                      <span>
                        <img src="skipped.png" width="3%"/>
                        <a href="#" panel-name="suite-Amazon_Automation_Script" title="testHomePage.TestMainPage" class="method navigator-link" hash-for-method="testSellYourAppsOnAmazon">testSellYourAppsOnAmazon</a> <!-- method navigator-link -->
                      </span>
                      <br/>
                      <span>
                        <img src="skipped.png" width="3%"/>
                        <a href="#" panel-name="suite-Amazon_Automation_Script" title="testHomePage.TestMainPage" class="method navigator-link" hash-for-method="testSellYourServicesOnAmazon">testSellYourServicesOnAmazon</a> <!-- method navigator-link -->
                      </span>
                      <br/>
                      <span>
                        <img src="skipped.png" width="3%"/>
                        <a href="#" panel-name="suite-Amazon_Automation_Script" title="testHomePage.TestMainPage" class="method navigator-link" hash-for-method="testShippingRatesAndPolicies">testShippingRatesAndPolicies</a> <!-- method navigator-link -->
                      </span>
                      <br/>
                      <span>
                        <img src="skipped.png" width="3%"/>
                        <a href="#" panel-name="suite-Amazon_Automation_Script" title="testHomePage.TestMainPage" class="method navigator-link" hash-for-method="testShopNow">testShopNow</a> <!-- method navigator-link -->
                      </span>
                      <br/>
                      <span>
                        <img src="skipped.png" width="3%"/>
                        <a href="#" panel-name="suite-Amazon_Automation_Script" title="testHomePage.TestMainPage" class="method navigator-link" hash-for-method="testSignInForTheBestExperience">testSignInForTheBestExperience</a> <!-- method navigator-link -->
                      </span>
                      <br/>
                      <span>
                        <img src="skipped.png" width="3%"/>
                        <a href="#" panel-name="suite-Amazon_Automation_Script" title="testHomePage.TestMainPage" class="method navigator-link" hash-for-method="testThisWeeksBargainItems">testThisWeeksBargainItems</a> <!-- method navigator-link -->
                      </span>
                      <br/>
                      <span>
                        <img src="skipped.png" width="3%"/>
                        <a href="#" panel-name="suite-Amazon_Automation_Script" title="testHomePage.TestMainPage" class="method navigator-link" hash-for-method="testThisWeeksNewReleases">testThisWeeksNewReleases</a> <!-- method navigator-link -->
                      </span>
                      <br/>
                      <span>
                        <img src="skipped.png" width="3%"/>
                        <a href="#" panel-name="suite-Amazon_Automation_Script" title="testHomePage.TestMainPage" class="method navigator-link" hash-for-method="testTodaysDeal">testTodaysDeal</a> <!-- method navigator-link -->
                      </span>
                      <br/>
                      <span>
                        <img src="skipped.png" width="3%"/>
                        <a href="#" panel-name="suite-Amazon_Automation_Script" title="testHomePage.TestMainPage" class="method navigator-link" hash-for-method="testTodaysDealsUnder$25">testTodaysDealsUnder$25</a> <!-- method navigator-link -->
                      </span>
                      <br/>
                      <span>
                        <img src="skipped.png" width="3%"/>
                        <a href="#" panel-name="suite-Amazon_Automation_Script" title="testHomePage.TestMainPage" class="method navigator-link" hash-for-method="testTrendsInLowPricedWatches">testTrendsInLowPricedWatches</a> <!-- method navigator-link -->
                      </span>
                      <br/>
                      <span>
                        <img src="skipped.png" width="3%"/>
                        <a href="#" panel-name="suite-Amazon_Automation_Script" title="testHomePage.TestMainPage" class="method navigator-link" hash-for-method="testWholeFoods">testWholeFoods</a> <!-- method navigator-link -->
                      </span>
                      <br/>
                      <span>
                        <img src="skipped.png" width="3%"/>
                        <a href="#" panel-name="suite-Amazon_Automation_Script" title="testHomePage.TestMainPage" class="method navigator-link" hash-for-method="testYourAccount">testYourAccount</a> <!-- method navigator-link -->
                      </span>
                      <br/>
                      <span>
                        <img src="skipped.png" width="3%"/>
                        <a href="#" panel-name="suite-Amazon_Automation_Script" title="testHomePage.TestMainPage" class="method navigator-link" hash-for-method="testYourAmazonDotCom">testYourAmazonDotCom</a> <!-- method navigator-link -->
                      </span>
                      <br/>
                      <span>
                        <img src="skipped.png" width="3%"/>
                        <a href="#" panel-name="suite-Amazon_Automation_Script" title="testHomePage.TestMainPage" class="method navigator-link" hash-for-method="testYourOrders">testYourOrders</a> <!-- method navigator-link -->
                      </span>
                      <br/>
                      <span>
                        <img src="skipped.png" width="3%"/>
                        <a href="#" panel-name="suite-Amazon_Automation_Script" title="testHomePage.TestMainPage" class="method navigator-link" hash-for-method="testZappos">testZappos</a> <!-- method navigator-link -->
                      </span>
                      <br/>
                      <span>
                        <img src="skipped.png" width="3%"/>
                        <a href="#" panel-name="suite-Amazon_Automation_Script" title="testHomePage.TestMainPage" class="method navigator-link" hash-for-method="testviewSearchBox">testviewSearchBox</a> <!-- method navigator-link -->
                      </span>
                      <br/>
                    </div> <!-- method-list-content skipped suite-Amazon_Automation_Script -->
                  </li>
                </ul>
              </div> <!-- suite-section-content -->
            </div> <!-- result-section -->
          </div> <!-- navigator-suite-content -->
        </div> <!-- rounded-window -->
      </div> <!-- suite -->
    </div> <!-- navigator-root -->
    <div class="wrapper">
      <div class="main-panel-root">
        <div panel-name="suite-Amazon_Automation_Script" class="panel Amazon_Automation_Script">
          <div class="suite-Amazon_Automation_Script-class-skipped">
            <div class="main-panel-header rounded-window-top">
              <img src="skipped.png"/>
              <span class="class-name">testHomePage.TestMainPage</span>
            </div> <!-- main-panel-header rounded-window-top -->
            <div class="main-panel-content rounded-window-bottom">
              <div class="method">
                <div class="method-content">
                  <a name="testAboutAmazon">
                  </a> <!-- testAboutAmazon -->
                  <span class="method-name">testAboutAmazon</span>
                  <div class="stack-trace">java.lang.IllegalStateException: The driver executable does not exist: /Users/shagriakabir/Desktop/tofael/kabir/BlueGrass/Amazon/..\Generic\browserDriver\chromedriver.exe
	at com.google.common.base.Preconditions.checkState(Preconditions.java:585)
	at org.openqa.selenium.remote.service.DriverService.checkExecutable(DriverService.java:137)
	at org.openqa.selenium.remote.service.DriverService.findExecutable(DriverService.java:132)
	at org.openqa.selenium.chrome.ChromeDriverService.access$000(ChromeDriverService.java:35)
	at org.openqa.selenium.chrome.ChromeDriverService$Builder.findDefaultExecutable(ChromeDriverService.java:156)
	at org.openqa.selenium.remote.service.DriverService$Builder.build(DriverService.java:346)
	at org.openqa.selenium.chrome.ChromeDriverService.createDefaultService(ChromeDriverService.java:91)
	at org.openqa.selenium.chrome.ChromeDriver.&lt;init&gt;(ChromeDriver.java:123)
	at base.BaseUtil.getLocalDriver(BaseUtil.java:77)
	at base.BaseUtil.setUp(BaseUtil.java:61)
... Removed 32 stack frames
</div> <!-- stack-trace -->
                </div> <!-- method-content -->
              </div> <!-- method -->
              <div class="method">
                <div class="method-content">
                  <a name="testAdFeedback">
                  </a> <!-- testAdFeedback -->
                  <span class="method-name">testAdFeedback</span>
                  <div class="stack-trace">java.lang.IllegalStateException: The driver executable does not exist: /Users/shagriakabir/Desktop/tofael/kabir/BlueGrass/Amazon/..\Generic\browserDriver\chromedriver.exe
	at com.google.common.base.Preconditions.checkState(Preconditions.java:585)
	at org.openqa.selenium.remote.service.DriverService.checkExecutable(DriverService.java:137)
	at org.openqa.selenium.remote.service.DriverService.findExecutable(DriverService.java:132)
	at org.openqa.selenium.chrome.ChromeDriverService.access$000(ChromeDriverService.java:35)
	at org.openqa.selenium.chrome.ChromeDriverService$Builder.findDefaultExecutable(ChromeDriverService.java:156)
	at org.openqa.selenium.remote.service.DriverService$Builder.build(DriverService.java:346)
	at org.openqa.selenium.chrome.ChromeDriverService.createDefaultService(ChromeDriverService.java:91)
	at org.openqa.selenium.chrome.ChromeDriver.&lt;init&gt;(ChromeDriver.java:123)
	at base.BaseUtil.getLocalDriver(BaseUtil.java:77)
	at base.BaseUtil.setUp(BaseUtil.java:61)
... Removed 32 stack frames
</div> <!-- stack-trace -->
                </div> <!-- method-content -->
              </div> <!-- method -->
              <div class="method">
                <div class="method-content">
                  <a name="testAdvertiseYourProducts">
                  </a> <!-- testAdvertiseYourProducts -->
                  <span class="method-name">testAdvertiseYourProducts</span>
                  <div class="stack-trace">java.lang.IllegalStateException: The driver executable does not exist: /Users/shagriakabir/Desktop/tofael/kabir/BlueGrass/Amazon/..\Generic\browserDriver\chromedriver.exe
	at com.google.common.base.Preconditions.checkState(Preconditions.java:585)
	at org.openqa.selenium.remote.service.DriverService.checkExecutable(DriverService.java:137)
	at org.openqa.selenium.remote.service.DriverService.findExecutable(DriverService.java:132)
	at org.openqa.selenium.chrome.ChromeDriverService.access$000(ChromeDriverService.java:35)
	at org.openqa.selenium.chrome.ChromeDriverService$Builder.findDefaultExecutable(ChromeDriverService.java:156)
	at org.openqa.selenium.remote.service.DriverService$Builder.build(DriverService.java:346)
	at org.openqa.selenium.chrome.ChromeDriverService.createDefaultService(ChromeDriverService.java:91)
	at org.openqa.selenium.chrome.ChromeDriver.&lt;init&gt;(ChromeDriver.java:123)
	at base.BaseUtil.getLocalDriver(BaseUtil.java:77)
	at base.BaseUtil.setUp(BaseUtil.java:61)
... Removed 32 stack frames
</div> <!-- stack-trace -->
                </div> <!-- method-content -->
              </div> <!-- method -->
              <div class="method">
                <div class="method-content">
                  <a name="testAffordableApparel">
                  </a> <!-- testAffordableApparel -->
                  <span class="method-name">testAffordableApparel</span>
                  <div class="stack-trace">java.lang.IllegalStateException: The driver executable does not exist: /Users/shagriakabir/Desktop/tofael/kabir/BlueGrass/Amazon/..\Generic\browserDriver\chromedriver.exe
	at com.google.common.base.Preconditions.checkState(Preconditions.java:585)
	at org.openqa.selenium.remote.service.DriverService.checkExecutable(DriverService.java:137)
	at org.openqa.selenium.remote.service.DriverService.findExecutable(DriverService.java:132)
	at org.openqa.selenium.chrome.ChromeDriverService.access$000(ChromeDriverService.java:35)
	at org.openqa.selenium.chrome.ChromeDriverService$Builder.findDefaultExecutable(ChromeDriverService.java:156)
	at org.openqa.selenium.remote.service.DriverService$Builder.build(DriverService.java:346)
	at org.openqa.selenium.chrome.ChromeDriverService.createDefaultService(ChromeDriverService.java:91)
	at org.openqa.selenium.chrome.ChromeDriver.&lt;init&gt;(ChromeDriver.java:123)
	at base.BaseUtil.getLocalDriver(BaseUtil.java:77)
	at base.BaseUtil.setUp(BaseUtil.java:61)
... Removed 32 stack frames
</div> <!-- stack-trace -->
                </div> <!-- method-content -->
              </div> <!-- method -->
              <div class="method">
                <div class="method-content">
                  <a name="testAmazonAdvertising">
                  </a> <!-- testAmazonAdvertising -->
                  <span class="method-name">testAmazonAdvertising</span>
                  <div class="stack-trace">java.lang.IllegalStateException: The driver executable does not exist: /Users/shagriakabir/Desktop/tofael/kabir/BlueGrass/Amazon/..\Generic\browserDriver\chromedriver.exe
	at com.google.common.base.Preconditions.checkState(Preconditions.java:585)
	at org.openqa.selenium.remote.service.DriverService.checkExecutable(DriverService.java:137)
	at org.openqa.selenium.remote.service.DriverService.findExecutable(DriverService.java:132)
	at org.openqa.selenium.chrome.ChromeDriverService.access$000(ChromeDriverService.java:35)
	at org.openqa.selenium.chrome.ChromeDriverService$Builder.findDefaultExecutable(ChromeDriverService.java:156)
	at org.openqa.selenium.remote.service.DriverService$Builder.build(DriverService.java:346)
	at org.openqa.selenium.chrome.ChromeDriverService.createDefaultService(ChromeDriverService.java:91)
	at org.openqa.selenium.chrome.ChromeDriver.&lt;init&gt;(ChromeDriver.java:123)
	at base.BaseUtil.getLocalDriver(BaseUtil.java:77)
	at base.BaseUtil.setUp(BaseUtil.java:61)
... Removed 32 stack frames
</div> <!-- stack-trace -->
                </div> <!-- method-content -->
              </div> <!-- method -->
              <div class="method">
                <div class="method-content">
                  <a name="testAmazonAssistant">
                  </a> <!-- testAmazonAssistant -->
                  <span class="method-name">testAmazonAssistant</span>
                  <div class="stack-trace">java.lang.IllegalStateException: The driver executable does not exist: /Users/shagriakabir/Desktop/tofael/kabir/BlueGrass/Amazon/..\Generic\browserDriver\chromedriver.exe
	at com.google.common.base.Preconditions.checkState(Preconditions.java:585)
	at org.openqa.selenium.remote.service.DriverService.checkExecutable(DriverService.java:137)
	at org.openqa.selenium.remote.service.DriverService.findExecutable(DriverService.java:132)
	at org.openqa.selenium.chrome.ChromeDriverService.access$000(ChromeDriverService.java:35)
	at org.openqa.selenium.chrome.ChromeDriverService$Builder.findDefaultExecutable(ChromeDriverService.java:156)
	at org.openqa.selenium.remote.service.DriverService$Builder.build(DriverService.java:346)
	at org.openqa.selenium.chrome.ChromeDriverService.createDefaultService(ChromeDriverService.java:91)
	at org.openqa.selenium.chrome.ChromeDriver.&lt;init&gt;(ChromeDriver.java:123)
	at base.BaseUtil.getLocalDriver(BaseUtil.java:77)
	at base.BaseUtil.setUp(BaseUtil.java:61)
... Removed 32 stack frames
</div> <!-- stack-trace -->
                </div> <!-- method-content -->
              </div> <!-- method -->
              <div class="method">
                <div class="method-content">
                  <a name="testAmazonBusiness">
                  </a> <!-- testAmazonBusiness -->
                  <span class="method-name">testAmazonBusiness</span>
                  <div class="stack-trace">java.lang.IllegalStateException: The driver executable does not exist: /Users/shagriakabir/Desktop/tofael/kabir/BlueGrass/Amazon/..\Generic\browserDriver\chromedriver.exe
	at com.google.common.base.Preconditions.checkState(Preconditions.java:585)
	at org.openqa.selenium.remote.service.DriverService.checkExecutable(DriverService.java:137)
	at org.openqa.selenium.remote.service.DriverService.findExecutable(DriverService.java:132)
	at org.openqa.selenium.chrome.ChromeDriverService.access$000(ChromeDriverService.java:35)
	at org.openqa.selenium.chrome.ChromeDriverService$Builder.findDefaultExecutable(ChromeDriverService.java:156)
	at org.openqa.selenium.remote.service.DriverService$Builder.build(DriverService.java:346)
	at org.openqa.selenium.chrome.ChromeDriverService.createDefaultService(ChromeDriverService.java:91)
	at org.openqa.selenium.chrome.ChromeDriver.&lt;init&gt;(ChromeDriver.java:123)
	at base.BaseUtil.getLocalDriver(BaseUtil.java:77)
	at base.BaseUtil.setUp(BaseUtil.java:61)
... Removed 32 stack frames
</div> <!-- stack-trace -->
                </div> <!-- method-content -->
              </div> <!-- method -->
              <div class="method">
                <div class="method-content">
                  <a name="testAmazonBusinessCard">
                  </a> <!-- testAmazonBusinessCard -->
                  <span class="method-name">testAmazonBusinessCard</span>
                  <div class="stack-trace">java.lang.IllegalStateException: The driver executable does not exist: /Users/shagriakabir/Desktop/tofael/kabir/BlueGrass/Amazon/..\Generic\browserDriver\chromedriver.exe
	at com.google.common.base.Preconditions.checkState(Preconditions.java:585)
	at org.openqa.selenium.remote.service.DriverService.checkExecutable(DriverService.java:137)
	at org.openqa.selenium.remote.service.DriverService.findExecutable(DriverService.java:132)
	at org.openqa.selenium.chrome.ChromeDriverService.access$000(ChromeDriverService.java:35)
	at org.openqa.selenium.chrome.ChromeDriverService$Builder.findDefaultExecutable(ChromeDriverService.java:156)
	at org.openqa.selenium.remote.service.DriverService$Builder.build(DriverService.java:346)
	at org.openqa.selenium.chrome.ChromeDriverService.createDefaultService(ChromeDriverService.java:91)
	at org.openqa.selenium.chrome.ChromeDriver.&lt;init&gt;(ChromeDriver.java:123)
	at base.BaseUtil.getLocalDriver(BaseUtil.java:77)
	at base.BaseUtil.setUp(BaseUtil.java:61)
... Removed 32 stack frames
</div> <!-- stack-trace -->
                </div> <!-- method-content -->
              </div> <!-- method -->
              <div class="method">
                <div class="method-content">
                  <a name="testAmazonCurrencyConverter">
                  </a> <!-- testAmazonCurrencyConverter -->
                  <span class="method-name">testAmazonCurrencyConverter</span>
                  <div class="stack-trace">java.lang.IllegalStateException: The driver executable does not exist: /Users/shagriakabir/Desktop/tofael/kabir/BlueGrass/Amazon/..\Generic\browserDriver\chromedriver.exe
	at com.google.common.base.Preconditions.checkState(Preconditions.java:585)
	at org.openqa.selenium.remote.service.DriverService.checkExecutable(DriverService.java:137)
	at org.openqa.selenium.remote.service.DriverService.findExecutable(DriverService.java:132)
	at org.openqa.selenium.chrome.ChromeDriverService.access$000(ChromeDriverService.java:35)
	at org.openqa.selenium.chrome.ChromeDriverService$Builder.findDefaultExecutable(ChromeDriverService.java:156)
	at org.openqa.selenium.remote.service.DriverService$Builder.build(DriverService.java:346)
	at org.openqa.selenium.chrome.ChromeDriverService.createDefaultService(ChromeDriverService.java:91)
	at org.openqa.selenium.chrome.ChromeDriver.&lt;init&gt;(ChromeDriver.java:123)
	at base.BaseUtil.getLocalDriver(BaseUtil.java:77)
	at base.BaseUtil.setUp(BaseUtil.java:61)
... Removed 32 stack frames
</div> <!-- stack-trace -->
                </div> <!-- method-content -->
              </div> <!-- method -->
              <div class="method">
                <div class="method-content">
                  <a name="testAmazonDevices">
                  </a> <!-- testAmazonDevices -->
                  <span class="method-name">testAmazonDevices</span>
                  <div class="stack-trace">java.lang.IllegalStateException: The driver executable does not exist: /Users/shagriakabir/Desktop/tofael/kabir/BlueGrass/Amazon/..\Generic\browserDriver\chromedriver.exe
	at com.google.common.base.Preconditions.checkState(Preconditions.java:585)
	at org.openqa.selenium.remote.service.DriverService.checkExecutable(DriverService.java:137)
	at org.openqa.selenium.remote.service.DriverService.findExecutable(DriverService.java:132)
	at org.openqa.selenium.chrome.ChromeDriverService.access$000(ChromeDriverService.java:35)
	at org.openqa.selenium.chrome.ChromeDriverService$Builder.findDefaultExecutable(ChromeDriverService.java:156)
	at org.openqa.selenium.remote.service.DriverService$Builder.build(DriverService.java:346)
	at org.openqa.selenium.chrome.ChromeDriverService.createDefaultService(ChromeDriverService.java:91)
	at org.openqa.selenium.chrome.ChromeDriver.&lt;init&gt;(ChromeDriver.java:123)
	at base.BaseUtil.getLocalDriver(BaseUtil.java:77)
	at base.BaseUtil.setUp(BaseUtil.java:61)
... Removed 32 stack frames
</div> <!-- stack-trace -->
                </div> <!-- method-content -->
              </div> <!-- method -->
              <div class="method">
                <div class="method-content">
                  <a name="testAmazonDotComCorporateCreditLine">
                  </a> <!-- testAmazonDotComCorporateCreditLine -->
                  <span class="method-name">testAmazonDotComCorporateCreditLine</span>
                  <div class="stack-trace">java.lang.IllegalStateException: The driver executable does not exist: /Users/shagriakabir/Desktop/tofael/kabir/BlueGrass/Amazon/..\Generic\browserDriver\chromedriver.exe
	at com.google.common.base.Preconditions.checkState(Preconditions.java:585)
	at org.openqa.selenium.remote.service.DriverService.checkExecutable(DriverService.java:137)
	at org.openqa.selenium.remote.service.DriverService.findExecutable(DriverService.java:132)
	at org.openqa.selenium.chrome.ChromeDriverService.access$000(ChromeDriverService.java:35)
	at org.openqa.selenium.chrome.ChromeDriverService$Builder.findDefaultExecutable(ChromeDriverService.java:156)
	at org.openqa.selenium.remote.service.DriverService$Builder.build(DriverService.java:346)
	at org.openqa.selenium.chrome.ChromeDriverService.createDefaultService(ChromeDriverService.java:91)
	at org.openqa.selenium.chrome.ChromeDriver.&lt;init&gt;(ChromeDriver.java:123)
	at base.BaseUtil.getLocalDriver(BaseUtil.java:77)
	at base.BaseUtil.setUp(BaseUtil.java:61)
... Removed 32 stack frames
</div> <!-- stack-trace -->
                </div> <!-- method-content -->
              </div> <!-- method -->
              <div class="method">
                <div class="method-content">
                  <a name="testAmazonDotComStoreCard">
                  </a> <!-- testAmazonDotComStoreCard -->
                  <span class="method-name">testAmazonDotComStoreCard</span>
                  <div class="stack-trace">java.lang.IllegalStateException: The driver executable does not exist: /Users/shagriakabir/Desktop/tofael/kabir/BlueGrass/Amazon/..\Generic\browserDriver\chromedriver.exe
	at com.google.common.base.Preconditions.checkState(Preconditions.java:585)
	at org.openqa.selenium.remote.service.DriverService.checkExecutable(DriverService.java:137)
	at org.openqa.selenium.remote.service.DriverService.findExecutable(DriverService.java:132)
	at org.openqa.selenium.chrome.ChromeDriverService.access$000(ChromeDriverService.java:35)
	at org.openqa.selenium.chrome.ChromeDriverService$Builder.findDefaultExecutable(ChromeDriverService.java:156)
	at org.openqa.selenium.remote.service.DriverService$Builder.build(DriverService.java:346)
	at org.openqa.selenium.chrome.ChromeDriverService.createDefaultService(ChromeDriverService.java:91)
	at org.openqa.selenium.chrome.ChromeDriver.&lt;init&gt;(ChromeDriver.java:123)
	at base.BaseUtil.getLocalDriver(BaseUtil.java:77)
	at base.BaseUtil.setUp(BaseUtil.java:61)
... Removed 32 stack frames
</div> <!-- stack-trace -->
                </div> <!-- method-content -->
              </div> <!-- method -->
              <div class="method">
                <div class="method-content">
                  <a name="testAmazonDrive">
                  </a> <!-- testAmazonDrive -->
                  <span class="method-name">testAmazonDrive</span>
                  <div class="stack-trace">java.lang.IllegalStateException: The driver executable does not exist: /Users/shagriakabir/Desktop/tofael/kabir/BlueGrass/Amazon/..\Generic\browserDriver\chromedriver.exe
	at com.google.common.base.Preconditions.checkState(Preconditions.java:585)
	at org.openqa.selenium.remote.service.DriverService.checkExecutable(DriverService.java:137)
	at org.openqa.selenium.remote.service.DriverService.findExecutable(DriverService.java:132)
	at org.openqa.selenium.chrome.ChromeDriverService.access$000(ChromeDriverService.java:35)
	at org.openqa.selenium.chrome.ChromeDriverService$Builder.findDefaultExecutable(ChromeDriverService.java:156)
	at org.openqa.selenium.remote.service.DriverService$Builder.build(DriverService.java:346)
	at org.openqa.selenium.chrome.ChromeDriverService.createDefaultService(ChromeDriverService.java:91)
	at org.openqa.selenium.chrome.ChromeDriver.&lt;init&gt;(ChromeDriver.java:123)
	at base.BaseUtil.getLocalDriver(BaseUtil.java:77)
	at base.BaseUtil.setUp(BaseUtil.java:61)
... Removed 32 stack frames
</div> <!-- stack-trace -->
                </div> <!-- method-content -->
              </div> <!-- method -->
              <div class="method">
                <div class="method-content">
                  <a name="testAmazonFresh">
                  </a> <!-- testAmazonFresh -->
                  <span class="method-name">testAmazonFresh</span>
                  <div class="stack-trace">java.lang.IllegalStateException: The driver executable does not exist: /Users/shagriakabir/Desktop/tofael/kabir/BlueGrass/Amazon/..\Generic\browserDriver\chromedriver.exe
	at com.google.common.base.Preconditions.checkState(Preconditions.java:585)
	at org.openqa.selenium.remote.service.DriverService.checkExecutable(DriverService.java:137)
	at org.openqa.selenium.remote.service.DriverService.findExecutable(DriverService.java:132)
	at org.openqa.selenium.chrome.ChromeDriverService.access$000(ChromeDriverService.java:35)
	at org.openqa.selenium.chrome.ChromeDriverService$Builder.findDefaultExecutable(ChromeDriverService.java:156)
	at org.openqa.selenium.remote.service.DriverService$Builder.build(DriverService.java:346)
	at org.openqa.selenium.chrome.ChromeDriverService.createDefaultService(ChromeDriverService.java:91)
	at org.openqa.selenium.chrome.ChromeDriver.&lt;init&gt;(ChromeDriver.java:123)
	at base.BaseUtil.getLocalDriver(BaseUtil.java:77)
	at base.BaseUtil.setUp(BaseUtil.java:61)
... Removed 32 stack frames
</div> <!-- stack-trace -->
                </div> <!-- method-content -->
              </div> <!-- method -->
              <div class="method">
                <div class="method-content">
                  <a name="testAmazonGlobal">
                  </a> <!-- testAmazonGlobal -->
                  <span class="method-name">testAmazonGlobal</span>
                  <div class="stack-trace">java.lang.IllegalStateException: The driver executable does not exist: /Users/shagriakabir/Desktop/tofael/kabir/BlueGrass/Amazon/..\Generic\browserDriver\chromedriver.exe
	at com.google.common.base.Preconditions.checkState(Preconditions.java:585)
	at org.openqa.selenium.remote.service.DriverService.checkExecutable(DriverService.java:137)
	at org.openqa.selenium.remote.service.DriverService.findExecutable(DriverService.java:132)
	at org.openqa.selenium.chrome.ChromeDriverService.access$000(ChromeDriverService.java:35)
	at org.openqa.selenium.chrome.ChromeDriverService$Builder.findDefaultExecutable(ChromeDriverService.java:156)
	at org.openqa.selenium.remote.service.DriverService$Builder.build(DriverService.java:346)
	at org.openqa.selenium.chrome.ChromeDriverService.createDefaultService(ChromeDriverService.java:91)
	at org.openqa.selenium.chrome.ChromeDriver.&lt;init&gt;(ChromeDriver.java:123)
	at base.BaseUtil.getLocalDriver(BaseUtil.java:77)
	at base.BaseUtil.setUp(BaseUtil.java:61)
... Removed 32 stack frames
</div> <!-- stack-trace -->
                </div> <!-- method-content -->
              </div> <!-- method -->
              <div class="method">
                <div class="method-content">
                  <a name="testAmazonMusic">
                  </a> <!-- testAmazonMusic -->
                  <span class="method-name">testAmazonMusic</span>
                  <div class="stack-trace">java.lang.IllegalStateException: The driver executable does not exist: /Users/shagriakabir/Desktop/tofael/kabir/BlueGrass/Amazon/..\Generic\browserDriver\chromedriver.exe
	at com.google.common.base.Preconditions.checkState(Preconditions.java:585)
	at org.openqa.selenium.remote.service.DriverService.checkExecutable(DriverService.java:137)
	at org.openqa.selenium.remote.service.DriverService.findExecutable(DriverService.java:132)
	at org.openqa.selenium.chrome.ChromeDriverService.access$000(ChromeDriverService.java:35)
	at org.openqa.selenium.chrome.ChromeDriverService$Builder.findDefaultExecutable(ChromeDriverService.java:156)
	at org.openqa.selenium.remote.service.DriverService$Builder.build(DriverService.java:346)
	at org.openqa.selenium.chrome.ChromeDriverService.createDefaultService(ChromeDriverService.java:91)
	at org.openqa.selenium.chrome.ChromeDriver.&lt;init&gt;(ChromeDriver.java:123)
	at base.BaseUtil.getLocalDriver(BaseUtil.java:77)
	at base.BaseUtil.setUp(BaseUtil.java:61)
... Removed 32 stack frames
</div> <!-- stack-trace -->
                </div> <!-- method-content -->
              </div> <!-- method -->
              <div class="method">
                <div class="method-content">
                  <a name="testAmazonPaymentProducts">
                  </a> <!-- testAmazonPaymentProducts -->
                  <span class="method-name">testAmazonPaymentProducts</span>
                  <div class="stack-trace">java.lang.IllegalStateException: The driver executable does not exist: /Users/shagriakabir/Desktop/tofael/kabir/BlueGrass/Amazon/..\Generic\browserDriver\chromedriver.exe
	at com.google.common.base.Preconditions.checkState(Preconditions.java:585)
	at org.openqa.selenium.remote.service.DriverService.checkExecutable(DriverService.java:137)
	at org.openqa.selenium.remote.service.DriverService.findExecutable(DriverService.java:132)
	at org.openqa.selenium.chrome.ChromeDriverService.access$000(ChromeDriverService.java:35)
	at org.openqa.selenium.chrome.ChromeDriverService$Builder.findDefaultExecutable(ChromeDriverService.java:156)
	at org.openqa.selenium.remote.service.DriverService$Builder.build(DriverService.java:346)
	at org.openqa.selenium.chrome.ChromeDriverService.createDefaultService(ChromeDriverService.java:91)
	at org.openqa.selenium.chrome.ChromeDriver.&lt;init&gt;(ChromeDriver.java:123)
	at base.BaseUtil.getLocalDriver(BaseUtil.java:77)
	at base.BaseUtil.setUp(BaseUtil.java:61)
... Removed 32 stack frames
</div> <!-- stack-trace -->
                </div> <!-- method-content -->
              </div> <!-- method -->
              <div class="method">
                <div class="method-content">
                  <a name="testAmazonPhotos">
                  </a> <!-- testAmazonPhotos -->
                  <span class="method-name">testAmazonPhotos</span>
                  <div class="stack-trace">java.lang.IllegalStateException: The driver executable does not exist: /Users/shagriakabir/Desktop/tofael/kabir/BlueGrass/Amazon/..\Generic\browserDriver\chromedriver.exe
	at com.google.common.base.Preconditions.checkState(Preconditions.java:585)
	at org.openqa.selenium.remote.service.DriverService.checkExecutable(DriverService.java:137)
	at org.openqa.selenium.remote.service.DriverService.findExecutable(DriverService.java:132)
	at org.openqa.selenium.chrome.ChromeDriverService.access$000(ChromeDriverService.java:35)
	at org.openqa.selenium.chrome.ChromeDriverService$Builder.findDefaultExecutable(ChromeDriverService.java:156)
	at org.openqa.selenium.remote.service.DriverService$Builder.build(DriverService.java:346)
	at org.openqa.selenium.chrome.ChromeDriverService.createDefaultService(ChromeDriverService.java:91)
	at org.openqa.selenium.chrome.ChromeDriver.&lt;init&gt;(ChromeDriver.java:123)
	at base.BaseUtil.getLocalDriver(BaseUtil.java:77)
	at base.BaseUtil.setUp(BaseUtil.java:61)
... Removed 32 stack frames
</div> <!-- stack-trace -->
                </div> <!-- method-content -->
              </div> <!-- method -->
              <div class="method">
                <div class="method-content">
                  <a name="testAmazonPrime">
                  </a> <!-- testAmazonPrime -->
                  <span class="method-name">testAmazonPrime</span>
                  <div class="stack-trace">java.lang.IllegalStateException: The driver executable does not exist: /Users/shagriakabir/Desktop/tofael/kabir/BlueGrass/Amazon/..\Generic\browserDriver\chromedriver.exe
	at com.google.common.base.Preconditions.checkState(Preconditions.java:585)
	at org.openqa.selenium.remote.service.DriverService.checkExecutable(DriverService.java:137)
	at org.openqa.selenium.remote.service.DriverService.findExecutable(DriverService.java:132)
	at org.openqa.selenium.chrome.ChromeDriverService.access$000(ChromeDriverService.java:35)
	at org.openqa.selenium.chrome.ChromeDriverService$Builder.findDefaultExecutable(ChromeDriverService.java:156)
	at org.openqa.selenium.remote.service.DriverService$Builder.build(DriverService.java:346)
	at org.openqa.selenium.chrome.ChromeDriverService.createDefaultService(ChromeDriverService.java:91)
	at org.openqa.selenium.chrome.ChromeDriver.&lt;init&gt;(ChromeDriver.java:123)
	at base.BaseUtil.getLocalDriver(BaseUtil.java:77)
	at base.BaseUtil.setUp(BaseUtil.java:61)
... Removed 32 stack frames
</div> <!-- stack-trace -->
                </div> <!-- method-content -->
              </div> <!-- method -->
              <div class="method">
                <div class="method-content">
                  <a name="testAmazonRewardsVisaSignatureCards">
                  </a> <!-- testAmazonRewardsVisaSignatureCards -->
                  <span class="method-name">testAmazonRewardsVisaSignatureCards</span>
                  <div class="stack-trace">java.lang.IllegalStateException: The driver executable does not exist: /Users/shagriakabir/Desktop/tofael/kabir/BlueGrass/Amazon/..\Generic\browserDriver\chromedriver.exe
	at com.google.common.base.Preconditions.checkState(Preconditions.java:585)
	at org.openqa.selenium.remote.service.DriverService.checkExecutable(DriverService.java:137)
	at org.openqa.selenium.remote.service.DriverService.findExecutable(DriverService.java:132)
	at org.openqa.selenium.chrome.ChromeDriverService.access$000(ChromeDriverService.java:35)
	at org.openqa.selenium.chrome.ChromeDriverService$Builder.findDefaultExecutable(ChromeDriverService.java:156)
	at org.openqa.selenium.remote.service.DriverService$Builder.build(DriverService.java:346)
	at org.openqa.selenium.chrome.ChromeDriverService.createDefaultService(ChromeDriverService.java:91)
	at org.openqa.selenium.chrome.ChromeDriver.&lt;init&gt;(ChromeDriver.java:123)
	at base.BaseUtil.getLocalDriver(BaseUtil.java:77)
	at base.BaseUtil.setUp(BaseUtil.java:61)
... Removed 32 stack frames
</div> <!-- stack-trace -->
                </div> <!-- method-content -->
              </div> <!-- method -->
              <div class="method">
                <div class="method-content">
                  <a name="testAmazonWebServices">
                  </a> <!-- testAmazonWebServices -->
                  <span class="method-name">testAmazonWebServices</span>
                  <div class="stack-trace">java.lang.IllegalStateException: The driver executable does not exist: /Users/shagriakabir/Desktop/tofael/kabir/BlueGrass/Amazon/..\Generic\browserDriver\chromedriver.exe
	at com.google.common.base.Preconditions.checkState(Preconditions.java:585)
	at org.openqa.selenium.remote.service.DriverService.checkExecutable(DriverService.java:137)
	at org.openqa.selenium.remote.service.DriverService.findExecutable(DriverService.java:132)
	at org.openqa.selenium.chrome.ChromeDriverService.access$000(ChromeDriverService.java:35)
	at org.openqa.selenium.chrome.ChromeDriverService$Builder.findDefaultExecutable(ChromeDriverService.java:156)
	at org.openqa.selenium.remote.service.DriverService$Builder.build(DriverService.java:346)
	at org.openqa.selenium.chrome.ChromeDriverService.createDefaultService(ChromeDriverService.java:91)
	at org.openqa.selenium.chrome.ChromeDriver.&lt;init&gt;(ChromeDriver.java:123)
	at base.BaseUtil.getLocalDriver(BaseUtil.java:77)
	at base.BaseUtil.setUp(BaseUtil.java:61)
... Removed 32 stack frames
</div> <!-- stack-trace -->
                </div> <!-- method-content -->
              </div> <!-- method -->
              <div class="method">
                <div class="method-content">
                  <a name="testAudible">
                  </a> <!-- testAudible -->
                  <span class="method-name">testAudible</span>
                  <div class="stack-trace">java.lang.IllegalStateException: The driver executable does not exist: /Users/shagriakabir/Desktop/tofael/kabir/BlueGrass/Amazon/..\Generic\browserDriver\chromedriver.exe
	at com.google.common.base.Preconditions.checkState(Preconditions.java:585)
	at org.openqa.selenium.remote.service.DriverService.checkExecutable(DriverService.java:137)
	at org.openqa.selenium.remote.service.DriverService.findExecutable(DriverService.java:132)
	at org.openqa.selenium.chrome.ChromeDriverService.access$000(ChromeDriverService.java:35)
	at org.openqa.selenium.chrome.ChromeDriverService$Builder.findDefaultExecutable(ChromeDriverService.java:156)
	at org.openqa.selenium.remote.service.DriverService$Builder.build(DriverService.java:346)
	at org.openqa.selenium.chrome.ChromeDriverService.createDefaultService(ChromeDriverService.java:91)
	at org.openqa.selenium.chrome.ChromeDriver.&lt;init&gt;(ChromeDriver.java:123)
	at base.BaseUtil.getLocalDriver(BaseUtil.java:77)
	at base.BaseUtil.setUp(BaseUtil.java:61)
... Removed 32 stack frames
</div> <!-- stack-trace -->
                </div> <!-- method-content -->
              </div> <!-- method -->
              <div class="method">
                <div class="method-content">
                  <a name="testBecomeAnAffiliate">
                  </a> <!-- testBecomeAnAffiliate -->
                  <span class="method-name">testBecomeAnAffiliate</span>
                  <div class="stack-trace">java.lang.IllegalStateException: The driver executable does not exist: /Users/shagriakabir/Desktop/tofael/kabir/BlueGrass/Amazon/..\Generic\browserDriver\chromedriver.exe
	at com.google.common.base.Preconditions.checkState(Preconditions.java:585)
	at org.openqa.selenium.remote.service.DriverService.checkExecutable(DriverService.java:137)
	at org.openqa.selenium.remote.service.DriverService.findExecutable(DriverService.java:132)
	at org.openqa.selenium.chrome.ChromeDriverService.access$000(ChromeDriverService.java:35)
	at org.openqa.selenium.chrome.ChromeDriverService$Builder.findDefaultExecutable(ChromeDriverService.java:156)
	at org.openqa.selenium.remote.service.DriverService$Builder.build(DriverService.java:346)
	at org.openqa.selenium.chrome.ChromeDriverService.createDefaultService(ChromeDriverService.java:91)
	at org.openqa.selenium.chrome.ChromeDriver.&lt;init&gt;(ChromeDriver.java:123)
	at base.BaseUtil.getLocalDriver(BaseUtil.java:77)
	at base.BaseUtil.setUp(BaseUtil.java:61)
... Removed 32 stack frames
</div> <!-- stack-trace -->
                </div> <!-- method-content -->
              </div> <!-- method -->
              <div class="method">
                <div class="method-content">
                  <a name="testBlog">
                  </a> <!-- testBlog -->
                  <span class="method-name">testBlog</span>
                  <div class="stack-trace">java.lang.IllegalStateException: The driver executable does not exist: /Users/shagriakabir/Desktop/tofael/kabir/BlueGrass/Amazon/..\Generic\browserDriver\chromedriver.exe
	at com.google.common.base.Preconditions.checkState(Preconditions.java:585)
	at org.openqa.selenium.remote.service.DriverService.checkExecutable(DriverService.java:137)
	at org.openqa.selenium.remote.service.DriverService.findExecutable(DriverService.java:132)
	at org.openqa.selenium.chrome.ChromeDriverService.access$000(ChromeDriverService.java:35)
	at org.openqa.selenium.chrome.ChromeDriverService$Builder.findDefaultExecutable(ChromeDriverService.java:156)
	at org.openqa.selenium.remote.service.DriverService$Builder.build(DriverService.java:346)
	at org.openqa.selenium.chrome.ChromeDriverService.createDefaultService(ChromeDriverService.java:91)
	at org.openqa.selenium.chrome.ChromeDriver.&lt;init&gt;(ChromeDriver.java:123)
	at base.BaseUtil.getLocalDriver(BaseUtil.java:77)
	at base.BaseUtil.setUp(BaseUtil.java:61)
... Removed 32 stack frames
</div> <!-- stack-trace -->
                </div> <!-- method-content -->
              </div> <!-- method -->
              <div class="method">
                <div class="method-content">
                  <a name="testBookDepository">
                  </a> <!-- testBookDepository -->
                  <span class="method-name">testBookDepository</span>
                  <div class="stack-trace">java.lang.IllegalStateException: The driver executable does not exist: /Users/shagriakabir/Desktop/tofael/kabir/BlueGrass/Amazon/..\Generic\browserDriver\chromedriver.exe
	at com.google.common.base.Preconditions.checkState(Preconditions.java:585)
	at org.openqa.selenium.remote.service.DriverService.checkExecutable(DriverService.java:137)
	at org.openqa.selenium.remote.service.DriverService.findExecutable(DriverService.java:132)
	at org.openqa.selenium.chrome.ChromeDriverService.access$000(ChromeDriverService.java:35)
	at org.openqa.selenium.chrome.ChromeDriverService$Builder.findDefaultExecutable(ChromeDriverService.java:156)
	at org.openqa.selenium.remote.service.DriverService$Builder.build(DriverService.java:346)
	at org.openqa.selenium.chrome.ChromeDriverService.createDefaultService(ChromeDriverService.java:91)
	at org.openqa.selenium.chrome.ChromeDriver.&lt;init&gt;(ChromeDriver.java:123)
	at base.BaseUtil.getLocalDriver(BaseUtil.java:77)
	at base.BaseUtil.setUp(BaseUtil.java:61)
... Removed 32 stack frames
</div> <!-- stack-trace -->
                </div> <!-- method-content -->
              </div> <!-- method -->
              <div class="method">
                <div class="method-content">
                  <a name="testCareer">
                  </a> <!-- testCareer -->
                  <span class="method-name">testCareer</span>
                  <div class="stack-trace">java.lang.IllegalStateException: The driver executable does not exist: /Users/shagriakabir/Desktop/tofael/kabir/BlueGrass/Amazon/..\Generic\browserDriver\chromedriver.exe
	at com.google.common.base.Preconditions.checkState(Preconditions.java:585)
	at org.openqa.selenium.remote.service.DriverService.checkExecutable(DriverService.java:137)
	at org.openqa.selenium.remote.service.DriverService.findExecutable(DriverService.java:132)
	at org.openqa.selenium.chrome.ChromeDriverService.access$000(ChromeDriverService.java:35)
	at org.openqa.selenium.chrome.ChromeDriverService$Builder.findDefaultExecutable(ChromeDriverService.java:156)
	at org.openqa.selenium.remote.service.DriverService$Builder.build(DriverService.java:346)
	at org.openqa.selenium.chrome.ChromeDriverService.createDefaultService(ChromeDriverService.java:91)
	at org.openqa.selenium.chrome.ChromeDriver.&lt;init&gt;(ChromeDriver.java:123)
	at base.BaseUtil.getLocalDriver(BaseUtil.java:77)
	at base.BaseUtil.setUp(BaseUtil.java:61)
... Removed 32 stack frames
</div> <!-- stack-trace -->
                </div> <!-- method-content -->
              </div> <!-- method -->
              <div class="method">
                <div class="method-content">
                  <a name="testCreditCardMarketplace">
                  </a> <!-- testCreditCardMarketplace -->
                  <span class="method-name">testCreditCardMarketplace</span>
                  <div class="stack-trace">java.lang.IllegalStateException: The driver executable does not exist: /Users/shagriakabir/Desktop/tofael/kabir/BlueGrass/Amazon/..\Generic\browserDriver\chromedriver.exe
	at com.google.common.base.Preconditions.checkState(Preconditions.java:585)
	at org.openqa.selenium.remote.service.DriverService.checkExecutable(DriverService.java:137)
	at org.openqa.selenium.remote.service.DriverService.findExecutable(DriverService.java:132)
	at org.openqa.selenium.chrome.ChromeDriverService.access$000(ChromeDriverService.java:35)
	at org.openqa.selenium.chrome.ChromeDriverService$Builder.findDefaultExecutable(ChromeDriverService.java:156)
	at org.openqa.selenium.remote.service.DriverService$Builder.build(DriverService.java:346)
	at org.openqa.selenium.chrome.ChromeDriverService.createDefaultService(ChromeDriverService.java:91)
	at org.openqa.selenium.chrome.ChromeDriver.&lt;init&gt;(ChromeDriver.java:123)
	at base.BaseUtil.getLocalDriver(BaseUtil.java:77)
	at base.BaseUtil.setUp(BaseUtil.java:61)
... Removed 32 stack frames
</div> <!-- stack-trace -->
                </div> <!-- method-content -->
              </div> <!-- method -->
              <div class="method">
                <div class="method-content">
                  <a name="testEastDane">
                  </a> <!-- testEastDane -->
                  <span class="method-name">testEastDane</span>
                  <div class="stack-trace">java.lang.IllegalStateException: The driver executable does not exist: /Users/shagriakabir/Desktop/tofael/kabir/BlueGrass/Amazon/..\Generic\browserDriver\chromedriver.exe
	at com.google.common.base.Preconditions.checkState(Preconditions.java:585)
	at org.openqa.selenium.remote.service.DriverService.checkExecutable(DriverService.java:137)
	at org.openqa.selenium.remote.service.DriverService.findExecutable(DriverService.java:132)
	at org.openqa.selenium.chrome.ChromeDriverService.access$000(ChromeDriverService.java:35)
	at org.openqa.selenium.chrome.ChromeDriverService$Builder.findDefaultExecutable(ChromeDriverService.java:156)
	at org.openqa.selenium.remote.service.DriverService$Builder.build(DriverService.java:346)
	at org.openqa.selenium.chrome.ChromeDriverService.createDefaultService(ChromeDriverService.java:91)
	at org.openqa.selenium.chrome.ChromeDriver.&lt;init&gt;(ChromeDriver.java:123)
	at base.BaseUtil.getLocalDriver(BaseUtil.java:77)
	at base.BaseUtil.setUp(BaseUtil.java:61)
... Removed 32 stack frames
</div> <!-- stack-trace -->
                </div> <!-- method-content -->
              </div> <!-- method -->
              <div class="method">
                <div class="method-content">
                  <a name="testEmailPhoneForMobileAccounts">
                  </a> <!-- testEmailPhoneForMobileAccounts -->
                  <span class="method-name">testEmailPhoneForMobileAccounts</span>
                  <div class="stack-trace">java.lang.IllegalStateException: The driver executable does not exist: /Users/shagriakabir/Desktop/tofael/kabir/BlueGrass/Amazon/..\Generic\browserDriver\chromedriver.exe
	at com.google.common.base.Preconditions.checkState(Preconditions.java:585)
	at org.openqa.selenium.remote.service.DriverService.checkExecutable(DriverService.java:137)
	at org.openqa.selenium.remote.service.DriverService.findExecutable(DriverService.java:132)
	at org.openqa.selenium.chrome.ChromeDriverService.access$000(ChromeDriverService.java:35)
	at org.openqa.selenium.chrome.ChromeDriverService$Builder.findDefaultExecutable(ChromeDriverService.java:156)
	at org.openqa.selenium.remote.service.DriverService$Builder.build(DriverService.java:346)
	at org.openqa.selenium.chrome.ChromeDriverService.createDefaultService(ChromeDriverService.java:91)
	at org.openqa.selenium.chrome.ChromeDriver.&lt;init&gt;(ChromeDriver.java:123)
	at base.BaseUtil.getLocalDriver(BaseUtil.java:77)
	at base.BaseUtil.setUp(BaseUtil.java:61)
... Removed 32 stack frames
</div> <!-- stack-trace -->
                </div> <!-- method-content -->
              </div> <!-- method -->
              <div class="method">
                <div class="method-content">
                  <a name="testFabric">
                  </a> <!-- testFabric -->
                  <span class="method-name">testFabric</span>
                  <div class="stack-trace">java.lang.IllegalStateException: The driver executable does not exist: /Users/shagriakabir/Desktop/tofael/kabir/BlueGrass/Amazon/..\Generic\browserDriver\chromedriver.exe
	at com.google.common.base.Preconditions.checkState(Preconditions.java:585)
	at org.openqa.selenium.remote.service.DriverService.checkExecutable(DriverService.java:137)
	at org.openqa.selenium.remote.service.DriverService.findExecutable(DriverService.java:132)
	at org.openqa.selenium.chrome.ChromeDriverService.access$000(ChromeDriverService.java:35)
	at org.openqa.selenium.chrome.ChromeDriverService$Builder.findDefaultExecutable(ChromeDriverService.java:156)
	at org.openqa.selenium.remote.service.DriverService$Builder.build(DriverService.java:346)
	at org.openqa.selenium.chrome.ChromeDriverService.createDefaultService(ChromeDriverService.java:91)
	at org.openqa.selenium.chrome.ChromeDriver.&lt;init&gt;(ChromeDriver.java:123)
	at base.BaseUtil.getLocalDriver(BaseUtil.java:77)
	at base.BaseUtil.setUp(BaseUtil.java:61)
... Removed 32 stack frames
</div> <!-- stack-trace -->
                </div> <!-- method-content -->
              </div> <!-- method -->
              <div class="method">
                <div class="method-content">
                  <a name="testGetToKnowUs">
                  </a> <!-- testGetToKnowUs -->
                  <span class="method-name">testGetToKnowUs</span>
                  <div class="stack-trace">java.lang.IllegalStateException: The driver executable does not exist: /Users/shagriakabir/Desktop/tofael/kabir/BlueGrass/Amazon/..\Generic\browserDriver\chromedriver.exe
	at com.google.common.base.Preconditions.checkState(Preconditions.java:585)
	at org.openqa.selenium.remote.service.DriverService.checkExecutable(DriverService.java:137)
	at org.openqa.selenium.remote.service.DriverService.findExecutable(DriverService.java:132)
	at org.openqa.selenium.chrome.ChromeDriverService.access$000(ChromeDriverService.java:35)
	at org.openqa.selenium.chrome.ChromeDriverService$Builder.findDefaultExecutable(ChromeDriverService.java:156)
	at org.openqa.selenium.remote.service.DriverService$Builder.build(DriverService.java:346)
	at org.openqa.selenium.chrome.ChromeDriverService.createDefaultService(ChromeDriverService.java:91)
	at org.openqa.selenium.chrome.ChromeDriver.&lt;init&gt;(ChromeDriver.java:123)
	at base.BaseUtil.getLocalDriver(BaseUtil.java:77)
	at base.BaseUtil.setUp(BaseUtil.java:61)
... Removed 32 stack frames
</div> <!-- stack-trace -->
                </div> <!-- method-content -->
              </div> <!-- method -->
              <div class="method">
                <div class="method-content">
                  <a name="testGiftCards">
                  </a> <!-- testGiftCards -->
                  <span class="method-name">testGiftCards</span>
                  <div class="stack-trace">java.lang.IllegalStateException: The driver executable does not exist: /Users/shagriakabir/Desktop/tofael/kabir/BlueGrass/Amazon/..\Generic\browserDriver\chromedriver.exe
	at com.google.common.base.Preconditions.checkState(Preconditions.java:585)
	at org.openqa.selenium.remote.service.DriverService.checkExecutable(DriverService.java:137)
	at org.openqa.selenium.remote.service.DriverService.findExecutable(DriverService.java:132)
	at org.openqa.selenium.chrome.ChromeDriverService.access$000(ChromeDriverService.java:35)
	at org.openqa.selenium.chrome.ChromeDriverService$Builder.findDefaultExecutable(ChromeDriverService.java:156)
	at org.openqa.selenium.remote.service.DriverService$Builder.build(DriverService.java:346)
	at org.openqa.selenium.chrome.ChromeDriverService.createDefaultService(ChromeDriverService.java:91)
	at org.openqa.selenium.chrome.ChromeDriver.&lt;init&gt;(ChromeDriver.java:123)
	at base.BaseUtil.getLocalDriver(BaseUtil.java:77)
	at base.BaseUtil.setUp(BaseUtil.java:61)
... Removed 32 stack frames
</div> <!-- stack-trace -->
                </div> <!-- method-content -->
              </div> <!-- method -->
              <div class="method">
                <div class="method-content">
                  <a name="testGoodReads">
                  </a> <!-- testGoodReads -->
                  <span class="method-name">testGoodReads</span>
                  <div class="stack-trace">java.lang.IllegalStateException: The driver executable does not exist: /Users/shagriakabir/Desktop/tofael/kabir/BlueGrass/Amazon/..\Generic\browserDriver\chromedriver.exe
	at com.google.common.base.Preconditions.checkState(Preconditions.java:585)
	at org.openqa.selenium.remote.service.DriverService.checkExecutable(DriverService.java:137)
	at org.openqa.selenium.remote.service.DriverService.findExecutable(DriverService.java:132)
	at org.openqa.selenium.chrome.ChromeDriverService.access$000(ChromeDriverService.java:35)
	at org.openqa.selenium.chrome.ChromeDriverService$Builder.findDefaultExecutable(ChromeDriverService.java:156)
	at org.openqa.selenium.remote.service.DriverService$Builder.build(DriverService.java:346)
	at org.openqa.selenium.chrome.ChromeDriverService.createDefaultService(ChromeDriverService.java:91)
	at org.openqa.selenium.chrome.ChromeDriver.&lt;init&gt;(ChromeDriver.java:123)
	at base.BaseUtil.getLocalDriver(BaseUtil.java:77)
	at base.BaseUtil.setUp(BaseUtil.java:61)
... Removed 32 stack frames
</div> <!-- stack-trace -->
                </div> <!-- method-content -->
              </div> <!-- method -->
              <div class="method">
                <div class="method-content">
                  <a name="testInvestorRelations">
                  </a> <!-- testInvestorRelations -->
                  <span class="method-name">testInvestorRelations</span>
                  <div class="stack-trace">java.lang.IllegalStateException: The driver executable does not exist: /Users/shagriakabir/Desktop/tofael/kabir/BlueGrass/Amazon/..\Generic\browserDriver\chromedriver.exe
	at com.google.common.base.Preconditions.checkState(Preconditions.java:585)
	at org.openqa.selenium.remote.service.DriverService.checkExecutable(DriverService.java:137)
	at org.openqa.selenium.remote.service.DriverService.findExecutable(DriverService.java:132)
	at org.openqa.selenium.chrome.ChromeDriverService.access$000(ChromeDriverService.java:35)
	at org.openqa.selenium.chrome.ChromeDriverService$Builder.findDefaultExecutable(ChromeDriverService.java:156)
	at org.openqa.selenium.remote.service.DriverService$Builder.build(DriverService.java:346)
	at org.openqa.selenium.chrome.ChromeDriverService.createDefaultService(ChromeDriverService.java:91)
	at org.openqa.selenium.chrome.ChromeDriver.&lt;init&gt;(ChromeDriver.java:123)
	at base.BaseUtil.getLocalDriver(BaseUtil.java:77)
	at base.BaseUtil.setUp(BaseUtil.java:61)
... Removed 32 stack frames
</div> <!-- stack-trace -->
                </div> <!-- method-content -->
              </div> <!-- method -->
              <div class="method">
                <div class="method-content">
                  <a name="testLetUsHelpYou">
                  </a> <!-- testLetUsHelpYou -->
                  <span class="method-name">testLetUsHelpYou</span>
                  <div class="stack-trace">java.lang.IllegalStateException: The driver executable does not exist: /Users/shagriakabir/Desktop/tofael/kabir/BlueGrass/Amazon/..\Generic\browserDriver\chromedriver.exe
	at com.google.common.base.Preconditions.checkState(Preconditions.java:585)
	at org.openqa.selenium.remote.service.DriverService.checkExecutable(DriverService.java:137)
	at org.openqa.selenium.remote.service.DriverService.findExecutable(DriverService.java:132)
	at org.openqa.selenium.chrome.ChromeDriverService.access$000(ChromeDriverService.java:35)
	at org.openqa.selenium.chrome.ChromeDriverService$Builder.findDefaultExecutable(ChromeDriverService.java:156)
	at org.openqa.selenium.remote.service.DriverService$Builder.build(DriverService.java:346)
	at org.openqa.selenium.chrome.ChromeDriverService.createDefaultService(ChromeDriverService.java:91)
	at org.openqa.selenium.chrome.ChromeDriver.&lt;init&gt;(ChromeDriver.java:123)
	at base.BaseUtil.getLocalDriver(BaseUtil.java:77)
	at base.BaseUtil.setUp(BaseUtil.java:61)
... Removed 32 stack frames
</div> <!-- stack-trace -->
                </div> <!-- method-content -->
              </div> <!-- method -->
              <div class="method">
                <div class="method-content">
                  <a name="testLogo">
                  </a> <!-- testLogo -->
                  <span class="method-name">testLogo</span>
                  <div class="stack-trace">java.lang.IllegalStateException: The driver executable does not exist: /Users/shagriakabir/Desktop/tofael/kabir/BlueGrass/Amazon/..\Generic\browserDriver\chromedriver.exe
	at com.google.common.base.Preconditions.checkState(Preconditions.java:585)
	at org.openqa.selenium.remote.service.DriverService.checkExecutable(DriverService.java:137)
	at org.openqa.selenium.remote.service.DriverService.findExecutable(DriverService.java:132)
	at org.openqa.selenium.chrome.ChromeDriverService.access$000(ChromeDriverService.java:35)
	at org.openqa.selenium.chrome.ChromeDriverService$Builder.findDefaultExecutable(ChromeDriverService.java:156)
	at org.openqa.selenium.remote.service.DriverService$Builder.build(DriverService.java:346)
	at org.openqa.selenium.chrome.ChromeDriverService.createDefaultService(ChromeDriverService.java:91)
	at org.openqa.selenium.chrome.ChromeDriver.&lt;init&gt;(ChromeDriver.java:123)
	at base.BaseUtil.getLocalDriver(BaseUtil.java:77)
	at base.BaseUtil.setUp(BaseUtil.java:61)
... Removed 32 stack frames
</div> <!-- stack-trace -->
                </div> <!-- method-content -->
              </div> <!-- method -->
              <div class="method">
                <div class="method-content">
                  <a name="testMakeMoneyWithUs">
                  </a> <!-- testMakeMoneyWithUs -->
                  <span class="method-name">testMakeMoneyWithUs</span>
                  <div class="stack-trace">java.lang.IllegalStateException: The driver executable does not exist: /Users/shagriakabir/Desktop/tofael/kabir/BlueGrass/Amazon/..\Generic\browserDriver\chromedriver.exe
	at com.google.common.base.Preconditions.checkState(Preconditions.java:585)
	at org.openqa.selenium.remote.service.DriverService.checkExecutable(DriverService.java:137)
	at org.openqa.selenium.remote.service.DriverService.findExecutable(DriverService.java:132)
	at org.openqa.selenium.chrome.ChromeDriverService.access$000(ChromeDriverService.java:35)
	at org.openqa.selenium.chrome.ChromeDriverService$Builder.findDefaultExecutable(ChromeDriverService.java:156)
	at org.openqa.selenium.remote.service.DriverService$Builder.build(DriverService.java:346)
	at org.openqa.selenium.chrome.ChromeDriverService.createDefaultService(ChromeDriverService.java:91)
	at org.openqa.selenium.chrome.ChromeDriver.&lt;init&gt;(ChromeDriver.java:123)
	at base.BaseUtil.getLocalDriver(BaseUtil.java:77)
	at base.BaseUtil.setUp(BaseUtil.java:61)
... Removed 32 stack frames
</div> <!-- stack-trace -->
                </div> <!-- method-content -->
              </div> <!-- method -->
              <div class="method">
                <div class="method-content">
                  <a name="testManageYourContentAndDevices">
                  </a> <!-- testManageYourContentAndDevices -->
                  <span class="method-name">testManageYourContentAndDevices</span>
                  <div class="stack-trace">java.lang.IllegalStateException: The driver executable does not exist: /Users/shagriakabir/Desktop/tofael/kabir/BlueGrass/Amazon/..\Generic\browserDriver\chromedriver.exe
	at com.google.common.base.Preconditions.checkState(Preconditions.java:585)
	at org.openqa.selenium.remote.service.DriverService.checkExecutable(DriverService.java:137)
	at org.openqa.selenium.remote.service.DriverService.findExecutable(DriverService.java:132)
	at org.openqa.selenium.chrome.ChromeDriverService.access$000(ChromeDriverService.java:35)
	at org.openqa.selenium.chrome.ChromeDriverService$Builder.findDefaultExecutable(ChromeDriverService.java:156)
	at org.openqa.selenium.remote.service.DriverService$Builder.build(DriverService.java:346)
	at org.openqa.selenium.chrome.ChromeDriverService.createDefaultService(ChromeDriverService.java:91)
	at org.openqa.selenium.chrome.ChromeDriver.&lt;init&gt;(ChromeDriver.java:123)
	at base.BaseUtil.getLocalDriver(BaseUtil.java:77)
	at base.BaseUtil.setUp(BaseUtil.java:61)
... Removed 32 stack frames
</div> <!-- stack-trace -->
                </div> <!-- method-content -->
              </div> <!-- method -->
              <div class="method">
                <div class="method-content">
                  <a name="testNewYear">
                  </a> <!-- testNewYear -->
                  <span class="method-name">testNewYear</span>
                  <div class="stack-trace">java.lang.IllegalStateException: The driver executable does not exist: /Users/shagriakabir/Desktop/tofael/kabir/BlueGrass/Amazon/..\Generic\browserDriver\chromedriver.exe
	at com.google.common.base.Preconditions.checkState(Preconditions.java:585)
	at org.openqa.selenium.remote.service.DriverService.checkExecutable(DriverService.java:137)
	at org.openqa.selenium.remote.service.DriverService.findExecutable(DriverService.java:132)
	at org.openqa.selenium.chrome.ChromeDriverService.access$000(ChromeDriverService.java:35)
	at org.openqa.selenium.chrome.ChromeDriverService$Builder.findDefaultExecutable(ChromeDriverService.java:156)
	at org.openqa.selenium.remote.service.DriverService$Builder.build(DriverService.java:346)
	at org.openqa.selenium.chrome.ChromeDriverService.createDefaultService(ChromeDriverService.java:91)
	at org.openqa.selenium.chrome.ChromeDriver.&lt;init&gt;(ChromeDriver.java:123)
	at base.BaseUtil.getLocalDriver(BaseUtil.java:77)
	at base.BaseUtil.setUp(BaseUtil.java:61)
... Removed 32 stack frames
</div> <!-- stack-trace -->
                </div> <!-- method-content -->
              </div> <!-- method -->
              <div class="method">
                <div class="method-content">
                  <a name="testNewYearNewYouReinventYourself">
                  </a> <!-- testNewYearNewYouReinventYourself -->
                  <span class="method-name">testNewYearNewYouReinventYourself</span>
                  <div class="stack-trace">java.lang.IllegalStateException: The driver executable does not exist: /Users/shagriakabir/Desktop/tofael/kabir/BlueGrass/Amazon/..\Generic\browserDriver\chromedriver.exe
	at com.google.common.base.Preconditions.checkState(Preconditions.java:585)
	at org.openqa.selenium.remote.service.DriverService.checkExecutable(DriverService.java:137)
	at org.openqa.selenium.remote.service.DriverService.findExecutable(DriverService.java:132)
	at org.openqa.selenium.chrome.ChromeDriverService.access$000(ChromeDriverService.java:35)
	at org.openqa.selenium.chrome.ChromeDriverService$Builder.findDefaultExecutable(ChromeDriverService.java:156)
	at org.openqa.selenium.remote.service.DriverService$Builder.build(DriverService.java:346)
	at org.openqa.selenium.chrome.ChromeDriverService.createDefaultService(ChromeDriverService.java:91)
	at org.openqa.selenium.chrome.ChromeDriver.&lt;init&gt;(ChromeDriver.java:123)
	at base.BaseUtil.getLocalDriver(BaseUtil.java:77)
	at base.BaseUtil.setUp(BaseUtil.java:61)
... Removed 32 stack frames
</div> <!-- stack-trace -->
                </div> <!-- method-content -->
              </div> <!-- method -->
              <div class="method">
                <div class="method-content">
                  <a name="testOrders">
                  </a> <!-- testOrders -->
                  <span class="method-name">testOrders</span>
                  <div class="stack-trace">java.lang.IllegalStateException: The driver executable does not exist: /Users/shagriakabir/Desktop/tofael/kabir/BlueGrass/Amazon/..\Generic\browserDriver\chromedriver.exe
	at com.google.common.base.Preconditions.checkState(Preconditions.java:585)
	at org.openqa.selenium.remote.service.DriverService.checkExecutable(DriverService.java:137)
	at org.openqa.selenium.remote.service.DriverService.findExecutable(DriverService.java:132)
	at org.openqa.selenium.chrome.ChromeDriverService.access$000(ChromeDriverService.java:35)
	at org.openqa.selenium.chrome.ChromeDriverService$Builder.findDefaultExecutable(ChromeDriverService.java:156)
	at org.openqa.selenium.remote.service.DriverService$Builder.build(DriverService.java:346)
	at org.openqa.selenium.chrome.ChromeDriverService.createDefaultService(ChromeDriverService.java:91)
	at org.openqa.selenium.chrome.ChromeDriver.&lt;init&gt;(ChromeDriver.java:123)
	at base.BaseUtil.getLocalDriver(BaseUtil.java:77)
	at base.BaseUtil.setUp(BaseUtil.java:61)
... Removed 32 stack frames
</div> <!-- stack-trace -->
                </div> <!-- method-content -->
              </div> <!-- method -->
              <div class="method">
                <div class="method-content">
                  <a name="testPressCenter">
                  </a> <!-- testPressCenter -->
                  <span class="method-name">testPressCenter</span>
                  <div class="stack-trace">java.lang.IllegalStateException: The driver executable does not exist: /Users/shagriakabir/Desktop/tofael/kabir/BlueGrass/Amazon/..\Generic\browserDriver\chromedriver.exe
	at com.google.common.base.Preconditions.checkState(Preconditions.java:585)
	at org.openqa.selenium.remote.service.DriverService.checkExecutable(DriverService.java:137)
	at org.openqa.selenium.remote.service.DriverService.findExecutable(DriverService.java:132)
	at org.openqa.selenium.chrome.ChromeDriverService.access$000(ChromeDriverService.java:35)
	at org.openqa.selenium.chrome.ChromeDriverService$Builder.findDefaultExecutable(ChromeDriverService.java:156)
	at org.openqa.selenium.remote.service.DriverService$Builder.build(DriverService.java:346)
	at org.openqa.selenium.chrome.ChromeDriverService.createDefaultService(ChromeDriverService.java:91)
	at org.openqa.selenium.chrome.ChromeDriver.&lt;init&gt;(ChromeDriver.java:123)
	at base.BaseUtil.getLocalDriver(BaseUtil.java:77)
	at base.BaseUtil.setUp(BaseUtil.java:61)
... Removed 32 stack frames
</div> <!-- stack-trace -->
                </div> <!-- method-content -->
              </div> <!-- method -->
              <div class="method">
                <div class="method-content">
                  <a name="testPrimeNow">
                  </a> <!-- testPrimeNow -->
                  <span class="method-name">testPrimeNow</span>
                  <div class="stack-trace">java.lang.IllegalStateException: The driver executable does not exist: /Users/shagriakabir/Desktop/tofael/kabir/BlueGrass/Amazon/..\Generic\browserDriver\chromedriver.exe
	at com.google.common.base.Preconditions.checkState(Preconditions.java:585)
	at org.openqa.selenium.remote.service.DriverService.checkExecutable(DriverService.java:137)
	at org.openqa.selenium.remote.service.DriverService.findExecutable(DriverService.java:132)
	at org.openqa.selenium.chrome.ChromeDriverService.access$000(ChromeDriverService.java:35)
	at org.openqa.selenium.chrome.ChromeDriverService$Builder.findDefaultExecutable(ChromeDriverService.java:156)
	at org.openqa.selenium.remote.service.DriverService$Builder.build(DriverService.java:346)
	at org.openqa.selenium.chrome.ChromeDriverService.createDefaultService(ChromeDriverService.java:91)
	at org.openqa.selenium.chrome.ChromeDriver.&lt;init&gt;(ChromeDriver.java:123)
	at base.BaseUtil.getLocalDriver(BaseUtil.java:77)
	at base.BaseUtil.setUp(BaseUtil.java:61)
... Removed 32 stack frames
</div> <!-- stack-trace -->
                </div> <!-- method-content -->
              </div> <!-- method -->
              <div class="method">
                <div class="method-content">
                  <a name="testPrimeVideoDirect">
                  </a> <!-- testPrimeVideoDirect -->
                  <span class="method-name">testPrimeVideoDirect</span>
                  <div class="stack-trace">java.lang.IllegalStateException: The driver executable does not exist: /Users/shagriakabir/Desktop/tofael/kabir/BlueGrass/Amazon/..\Generic\browserDriver\chromedriver.exe
	at com.google.common.base.Preconditions.checkState(Preconditions.java:585)
	at org.openqa.selenium.remote.service.DriverService.checkExecutable(DriverService.java:137)
	at org.openqa.selenium.remote.service.DriverService.findExecutable(DriverService.java:132)
	at org.openqa.selenium.chrome.ChromeDriverService.access$000(ChromeDriverService.java:35)
	at org.openqa.selenium.chrome.ChromeDriverService$Builder.findDefaultExecutable(ChromeDriverService.java:156)
	at org.openqa.selenium.remote.service.DriverService$Builder.build(DriverService.java:346)
	at org.openqa.selenium.chrome.ChromeDriverService.createDefaultService(ChromeDriverService.java:91)
	at org.openqa.selenium.chrome.ChromeDriver.&lt;init&gt;(ChromeDriver.java:123)
	at base.BaseUtil.getLocalDriver(BaseUtil.java:77)
	at base.BaseUtil.setUp(BaseUtil.java:61)
... Removed 32 stack frames
</div> <!-- stack-trace -->
                </div> <!-- method-content -->
              </div> <!-- method -->
              <div class="method">
                <div class="method-content">
                  <a name="testRecommendedItemsOtherCustomersOftenBuyAgain">
                  </a> <!-- testRecommendedItemsOtherCustomersOftenBuyAgain -->
                  <span class="method-name">testRecommendedItemsOtherCustomersOftenBuyAgain</span>
                  <div class="stack-trace">java.lang.IllegalStateException: The driver executable does not exist: /Users/shagriakabir/Desktop/tofael/kabir/BlueGrass/Amazon/..\Generic\browserDriver\chromedriver.exe
	at com.google.common.base.Preconditions.checkState(Preconditions.java:585)
	at org.openqa.selenium.remote.service.DriverService.checkExecutable(DriverService.java:137)
	at org.openqa.selenium.remote.service.DriverService.findExecutable(DriverService.java:132)
	at org.openqa.selenium.chrome.ChromeDriverService.access$000(ChromeDriverService.java:35)
	at org.openqa.selenium.chrome.ChromeDriverService$Builder.findDefaultExecutable(ChromeDriverService.java:156)
	at org.openqa.selenium.remote.service.DriverService$Builder.build(DriverService.java:346)
	at org.openqa.selenium.chrome.ChromeDriverService.createDefaultService(ChromeDriverService.java:91)
	at org.openqa.selenium.chrome.ChromeDriver.&lt;init&gt;(ChromeDriver.java:123)
	at base.BaseUtil.getLocalDriver(BaseUtil.java:77)
	at base.BaseUtil.setUp(BaseUtil.java:61)
... Removed 32 stack frames
</div> <!-- stack-trace -->
                </div> <!-- method-content -->
              </div> <!-- method -->
              <div class="method">
                <div class="method-content">
                  <a name="testReloadYourBalance">
                  </a> <!-- testReloadYourBalance -->
                  <span class="method-name">testReloadYourBalance</span>
                  <div class="stack-trace">java.lang.IllegalStateException: The driver executable does not exist: /Users/shagriakabir/Desktop/tofael/kabir/BlueGrass/Amazon/..\Generic\browserDriver\chromedriver.exe
	at com.google.common.base.Preconditions.checkState(Preconditions.java:585)
	at org.openqa.selenium.remote.service.DriverService.checkExecutable(DriverService.java:137)
	at org.openqa.selenium.remote.service.DriverService.findExecutable(DriverService.java:132)
	at org.openqa.selenium.chrome.ChromeDriverService.access$000(ChromeDriverService.java:35)
	at org.openqa.selenium.chrome.ChromeDriverService$Builder.findDefaultExecutable(ChromeDriverService.java:156)
	at org.openqa.selenium.remote.service.DriverService$Builder.build(DriverService.java:346)
	at org.openqa.selenium.chrome.ChromeDriverService.createDefaultService(ChromeDriverService.java:91)
	at org.openqa.selenium.chrome.ChromeDriver.&lt;init&gt;(ChromeDriver.java:123)
	at base.BaseUtil.getLocalDriver(BaseUtil.java:77)
	at base.BaseUtil.setUp(BaseUtil.java:61)
... Removed 32 stack frames
</div> <!-- stack-trace -->
                </div> <!-- method-content -->
              </div> <!-- method -->
              <div class="method">
                <div class="method-content">
                  <a name="testReturnsAndReplacements">
                  </a> <!-- testReturnsAndReplacements -->
                  <span class="method-name">testReturnsAndReplacements</span>
                  <div class="stack-trace">java.lang.IllegalStateException: The driver executable does not exist: /Users/shagriakabir/Desktop/tofael/kabir/BlueGrass/Amazon/..\Generic\browserDriver\chromedriver.exe
	at com.google.common.base.Preconditions.checkState(Preconditions.java:585)
	at org.openqa.selenium.remote.service.DriverService.checkExecutable(DriverService.java:137)
	at org.openqa.selenium.remote.service.DriverService.findExecutable(DriverService.java:132)
	at org.openqa.selenium.chrome.ChromeDriverService.access$000(ChromeDriverService.java:35)
	at org.openqa.selenium.chrome.ChromeDriverService$Builder.findDefaultExecutable(ChromeDriverService.java:156)
	at org.openqa.selenium.remote.service.DriverService$Builder.build(DriverService.java:346)
	at org.openqa.selenium.chrome.ChromeDriverService.createDefaultService(ChromeDriverService.java:91)
	at org.openqa.selenium.chrome.ChromeDriver.&lt;init&gt;(ChromeDriver.java:123)
	at base.BaseUtil.getLocalDriver(BaseUtil.java:77)
	at base.BaseUtil.setUp(BaseUtil.java:61)
... Removed 32 stack frames
</div> <!-- stack-trace -->
                </div> <!-- method-content -->
              </div> <!-- method -->
              <div class="method">
                <div class="method-content">
                  <a name="testSeeMore">
                  </a> <!-- testSeeMore -->
                  <span class="method-name">testSeeMore</span>
                  <div class="stack-trace">java.lang.IllegalStateException: The driver executable does not exist: /Users/shagriakabir/Desktop/tofael/kabir/BlueGrass/Amazon/..\Generic\browserDriver\chromedriver.exe
	at com.google.common.base.Preconditions.checkState(Preconditions.java:585)
	at org.openqa.selenium.remote.service.DriverService.checkExecutable(DriverService.java:137)
	at org.openqa.selenium.remote.service.DriverService.findExecutable(DriverService.java:132)
	at org.openqa.selenium.chrome.ChromeDriverService.access$000(ChromeDriverService.java:35)
	at org.openqa.selenium.chrome.ChromeDriverService$Builder.findDefaultExecutable(ChromeDriverService.java:156)
	at org.openqa.selenium.remote.service.DriverService$Builder.build(DriverService.java:346)
	at org.openqa.selenium.chrome.ChromeDriverService.createDefaultService(ChromeDriverService.java:91)
	at org.openqa.selenium.chrome.ChromeDriver.&lt;init&gt;(ChromeDriver.java:123)
	at base.BaseUtil.getLocalDriver(BaseUtil.java:77)
	at base.BaseUtil.setUp(BaseUtil.java:61)
... Removed 32 stack frames
</div> <!-- stack-trace -->
                </div> <!-- method-content -->
              </div> <!-- method -->
              <div class="method">
                <div class="method-content">
                  <a name="testSelfPublishWithUs">
                  </a> <!-- testSelfPublishWithUs -->
                  <span class="method-name">testSelfPublishWithUs</span>
                  <div class="stack-trace">java.lang.IllegalStateException: The driver executable does not exist: /Users/shagriakabir/Desktop/tofael/kabir/BlueGrass/Amazon/..\Generic\browserDriver\chromedriver.exe
	at com.google.common.base.Preconditions.checkState(Preconditions.java:585)
	at org.openqa.selenium.remote.service.DriverService.checkExecutable(DriverService.java:137)
	at org.openqa.selenium.remote.service.DriverService.findExecutable(DriverService.java:132)
	at org.openqa.selenium.chrome.ChromeDriverService.access$000(ChromeDriverService.java:35)
	at org.openqa.selenium.chrome.ChromeDriverService$Builder.findDefaultExecutable(ChromeDriverService.java:156)
	at org.openqa.selenium.remote.service.DriverService$Builder.build(DriverService.java:346)
	at org.openqa.selenium.chrome.ChromeDriverService.createDefaultService(ChromeDriverService.java:91)
	at org.openqa.selenium.chrome.ChromeDriver.&lt;init&gt;(ChromeDriver.java:123)
	at base.BaseUtil.getLocalDriver(BaseUtil.java:77)
	at base.BaseUtil.setUp(BaseUtil.java:61)
... Removed 32 stack frames
</div> <!-- stack-trace -->
                </div> <!-- method-content -->
              </div> <!-- method -->
              <div class="method">
                <div class="method-content">
                  <a name="testSellOnAmazon">
                  </a> <!-- testSellOnAmazon -->
                  <span class="method-name">testSellOnAmazon</span>
                  <div class="stack-trace">java.lang.IllegalStateException: The driver executable does not exist: /Users/shagriakabir/Desktop/tofael/kabir/BlueGrass/Amazon/..\Generic\browserDriver\chromedriver.exe
	at com.google.common.base.Preconditions.checkState(Preconditions.java:585)
	at org.openqa.selenium.remote.service.DriverService.checkExecutable(DriverService.java:137)
	at org.openqa.selenium.remote.service.DriverService.findExecutable(DriverService.java:132)
	at org.openqa.selenium.chrome.ChromeDriverService.access$000(ChromeDriverService.java:35)
	at org.openqa.selenium.chrome.ChromeDriverService$Builder.findDefaultExecutable(ChromeDriverService.java:156)
	at org.openqa.selenium.remote.service.DriverService$Builder.build(DriverService.java:346)
	at org.openqa.selenium.chrome.ChromeDriverService.createDefaultService(ChromeDriverService.java:91)
	at org.openqa.selenium.chrome.ChromeDriver.&lt;init&gt;(ChromeDriver.java:123)
	at base.BaseUtil.getLocalDriver(BaseUtil.java:77)
	at base.BaseUtil.setUp(BaseUtil.java:61)
... Removed 32 stack frames
</div> <!-- stack-trace -->
                </div> <!-- method-content -->
              </div> <!-- method -->
              <div class="method">
                <div class="method-content">
                  <a name="testSellOnAmazonBusiness">
                  </a> <!-- testSellOnAmazonBusiness -->
                  <span class="method-name">testSellOnAmazonBusiness</span>
                  <div class="stack-trace">java.lang.IllegalStateException: The driver executable does not exist: /Users/shagriakabir/Desktop/tofael/kabir/BlueGrass/Amazon/..\Generic\browserDriver\chromedriver.exe
	at com.google.common.base.Preconditions.checkState(Preconditions.java:585)
	at org.openqa.selenium.remote.service.DriverService.checkExecutable(DriverService.java:137)
	at org.openqa.selenium.remote.service.DriverService.findExecutable(DriverService.java:132)
	at org.openqa.selenium.chrome.ChromeDriverService.access$000(ChromeDriverService.java:35)
	at org.openqa.selenium.chrome.ChromeDriverService$Builder.findDefaultExecutable(ChromeDriverService.java:156)
	at org.openqa.selenium.remote.service.DriverService$Builder.build(DriverService.java:346)
	at org.openqa.selenium.chrome.ChromeDriverService.createDefaultService(ChromeDriverService.java:91)
	at org.openqa.selenium.chrome.ChromeDriver.&lt;init&gt;(ChromeDriver.java:123)
	at base.BaseUtil.getLocalDriver(BaseUtil.java:77)
	at base.BaseUtil.setUp(BaseUtil.java:61)
... Removed 32 stack frames
</div> <!-- stack-trace -->
                </div> <!-- method-content -->
              </div> <!-- method -->
              <div class="method">
                <div class="method-content">
                  <a name="testSellOnAmazonHandmade">
                  </a> <!-- testSellOnAmazonHandmade -->
                  <span class="method-name">testSellOnAmazonHandmade</span>
                  <div class="stack-trace">java.lang.IllegalStateException: The driver executable does not exist: /Users/shagriakabir/Desktop/tofael/kabir/BlueGrass/Amazon/..\Generic\browserDriver\chromedriver.exe
	at com.google.common.base.Preconditions.checkState(Preconditions.java:585)
	at org.openqa.selenium.remote.service.DriverService.checkExecutable(DriverService.java:137)
	at org.openqa.selenium.remote.service.DriverService.findExecutable(DriverService.java:132)
	at org.openqa.selenium.chrome.ChromeDriverService.access$000(ChromeDriverService.java:35)
	at org.openqa.selenium.chrome.ChromeDriverService$Builder.findDefaultExecutable(ChromeDriverService.java:156)
	at org.openqa.selenium.remote.service.DriverService$Builder.build(DriverService.java:346)
	at org.openqa.selenium.chrome.ChromeDriverService.createDefaultService(ChromeDriverService.java:91)
	at org.openqa.selenium.chrome.ChromeDriver.&lt;init&gt;(ChromeDriver.java:123)
	at base.BaseUtil.getLocalDriver(BaseUtil.java:77)
	at base.BaseUtil.setUp(BaseUtil.java:61)
... Removed 32 stack frames
</div> <!-- stack-trace -->
                </div> <!-- method-content -->
              </div> <!-- method -->
              <div class="method">
                <div class="method-content">
                  <a name="testSellUnderPrivateBrands">
                  </a> <!-- testSellUnderPrivateBrands -->
                  <span class="method-name">testSellUnderPrivateBrands</span>
                  <div class="stack-trace">java.lang.IllegalStateException: The driver executable does not exist: /Users/shagriakabir/Desktop/tofael/kabir/BlueGrass/Amazon/..\Generic\browserDriver\chromedriver.exe
	at com.google.common.base.Preconditions.checkState(Preconditions.java:585)
	at org.openqa.selenium.remote.service.DriverService.checkExecutable(DriverService.java:137)
	at org.openqa.selenium.remote.service.DriverService.findExecutable(DriverService.java:132)
	at org.openqa.selenium.chrome.ChromeDriverService.access$000(ChromeDriverService.java:35)
	at org.openqa.selenium.chrome.ChromeDriverService$Builder.findDefaultExecutable(ChromeDriverService.java:156)
	at org.openqa.selenium.remote.service.DriverService$Builder.build(DriverService.java:346)
	at org.openqa.selenium.chrome.ChromeDriverService.createDefaultService(ChromeDriverService.java:91)
	at org.openqa.selenium.chrome.ChromeDriver.&lt;init&gt;(ChromeDriver.java:123)
	at base.BaseUtil.getLocalDriver(BaseUtil.java:77)
	at base.BaseUtil.setUp(BaseUtil.java:61)
... Removed 32 stack frames
</div> <!-- stack-trace -->
                </div> <!-- method-content -->
              </div> <!-- method -->
              <div class="method">
                <div class="method-content">
                  <a name="testSellYourAppsOnAmazon">
                  </a> <!-- testSellYourAppsOnAmazon -->
                  <span class="method-name">testSellYourAppsOnAmazon</span>
                  <div class="stack-trace">java.lang.IllegalStateException: The driver executable does not exist: /Users/shagriakabir/Desktop/tofael/kabir/BlueGrass/Amazon/..\Generic\browserDriver\chromedriver.exe
	at com.google.common.base.Preconditions.checkState(Preconditions.java:585)
	at org.openqa.selenium.remote.service.DriverService.checkExecutable(DriverService.java:137)
	at org.openqa.selenium.remote.service.DriverService.findExecutable(DriverService.java:132)
	at org.openqa.selenium.chrome.ChromeDriverService.access$000(ChromeDriverService.java:35)
	at org.openqa.selenium.chrome.ChromeDriverService$Builder.findDefaultExecutable(ChromeDriverService.java:156)
	at org.openqa.selenium.remote.service.DriverService$Builder.build(DriverService.java:346)
	at org.openqa.selenium.chrome.ChromeDriverService.createDefaultService(ChromeDriverService.java:91)
	at org.openqa.selenium.chrome.ChromeDriver.&lt;init&gt;(ChromeDriver.java:123)
	at base.BaseUtil.getLocalDriver(BaseUtil.java:77)
	at base.BaseUtil.setUp(BaseUtil.java:61)
... Removed 32 stack frames
</div> <!-- stack-trace -->
                </div> <!-- method-content -->
              </div> <!-- method -->
              <div class="method">
                <div class="method-content">
                  <a name="testSellYourServicesOnAmazon">
                  </a> <!-- testSellYourServicesOnAmazon -->
                  <span class="method-name">testSellYourServicesOnAmazon</span>
                  <div class="stack-trace">java.lang.IllegalStateException: The driver executable does not exist: /Users/shagriakabir/Desktop/tofael/kabir/BlueGrass/Amazon/..\Generic\browserDriver\chromedriver.exe
	at com.google.common.base.Preconditions.checkState(Preconditions.java:585)
	at org.openqa.selenium.remote.service.DriverService.checkExecutable(DriverService.java:137)
	at org.openqa.selenium.remote.service.DriverService.findExecutable(DriverService.java:132)
	at org.openqa.selenium.chrome.ChromeDriverService.access$000(ChromeDriverService.java:35)
	at org.openqa.selenium.chrome.ChromeDriverService$Builder.findDefaultExecutable(ChromeDriverService.java:156)
	at org.openqa.selenium.remote.service.DriverService$Builder.build(DriverService.java:346)
	at org.openqa.selenium.chrome.ChromeDriverService.createDefaultService(ChromeDriverService.java:91)
	at org.openqa.selenium.chrome.ChromeDriver.&lt;init&gt;(ChromeDriver.java:123)
	at base.BaseUtil.getLocalDriver(BaseUtil.java:77)
	at base.BaseUtil.setUp(BaseUtil.java:61)
... Removed 32 stack frames
</div> <!-- stack-trace -->
                </div> <!-- method-content -->
              </div> <!-- method -->
              <div class="method">
                <div class="method-content">
                  <a name="testShippingRatesAndPolicies">
                  </a> <!-- testShippingRatesAndPolicies -->
                  <span class="method-name">testShippingRatesAndPolicies</span>
                  <div class="stack-trace">java.lang.IllegalStateException: The driver executable does not exist: /Users/shagriakabir/Desktop/tofael/kabir/BlueGrass/Amazon/..\Generic\browserDriver\chromedriver.exe
	at com.google.common.base.Preconditions.checkState(Preconditions.java:585)
	at org.openqa.selenium.remote.service.DriverService.checkExecutable(DriverService.java:137)
	at org.openqa.selenium.remote.service.DriverService.findExecutable(DriverService.java:132)
	at org.openqa.selenium.chrome.ChromeDriverService.access$000(ChromeDriverService.java:35)
	at org.openqa.selenium.chrome.ChromeDriverService$Builder.findDefaultExecutable(ChromeDriverService.java:156)
	at org.openqa.selenium.remote.service.DriverService$Builder.build(DriverService.java:346)
	at org.openqa.selenium.chrome.ChromeDriverService.createDefaultService(ChromeDriverService.java:91)
	at org.openqa.selenium.chrome.ChromeDriver.&lt;init&gt;(ChromeDriver.java:123)
	at base.BaseUtil.getLocalDriver(BaseUtil.java:77)
	at base.BaseUtil.setUp(BaseUtil.java:61)
... Removed 32 stack frames
</div> <!-- stack-trace -->
                </div> <!-- method-content -->
              </div> <!-- method -->
              <div class="method">
                <div class="method-content">
                  <a name="testShopNow">
                  </a> <!-- testShopNow -->
                  <span class="method-name">testShopNow</span>
                  <div class="stack-trace">java.lang.IllegalStateException: The driver executable does not exist: /Users/shagriakabir/Desktop/tofael/kabir/BlueGrass/Amazon/..\Generic\browserDriver\chromedriver.exe
	at com.google.common.base.Preconditions.checkState(Preconditions.java:585)
	at org.openqa.selenium.remote.service.DriverService.checkExecutable(DriverService.java:137)
	at org.openqa.selenium.remote.service.DriverService.findExecutable(DriverService.java:132)
	at org.openqa.selenium.chrome.ChromeDriverService.access$000(ChromeDriverService.java:35)
	at org.openqa.selenium.chrome.ChromeDriverService$Builder.findDefaultExecutable(ChromeDriverService.java:156)
	at org.openqa.selenium.remote.service.DriverService$Builder.build(DriverService.java:346)
	at org.openqa.selenium.chrome.ChromeDriverService.createDefaultService(ChromeDriverService.java:91)
	at org.openqa.selenium.chrome.ChromeDriver.&lt;init&gt;(ChromeDriver.java:123)
	at base.BaseUtil.getLocalDriver(BaseUtil.java:77)
	at base.BaseUtil.setUp(BaseUtil.java:61)
... Removed 32 stack frames
</div> <!-- stack-trace -->
                </div> <!-- method-content -->
              </div> <!-- method -->
              <div class="method">
                <div class="method-content">
                  <a name="testSignInForTheBestExperience">
                  </a> <!-- testSignInForTheBestExperience -->
                  <span class="method-name">testSignInForTheBestExperience</span>
                  <div class="stack-trace">java.lang.IllegalStateException: The driver executable does not exist: /Users/shagriakabir/Desktop/tofael/kabir/BlueGrass/Amazon/..\Generic\browserDriver\chromedriver.exe
	at com.google.common.base.Preconditions.checkState(Preconditions.java:585)
	at org.openqa.selenium.remote.service.DriverService.checkExecutable(DriverService.java:137)
	at org.openqa.selenium.remote.service.DriverService.findExecutable(DriverService.java:132)
	at org.openqa.selenium.chrome.ChromeDriverService.access$000(ChromeDriverService.java:35)
	at org.openqa.selenium.chrome.ChromeDriverService$Builder.findDefaultExecutable(ChromeDriverService.java:156)
	at org.openqa.selenium.remote.service.DriverService$Builder.build(DriverService.java:346)
	at org.openqa.selenium.chrome.ChromeDriverService.createDefaultService(ChromeDriverService.java:91)
	at org.openqa.selenium.chrome.ChromeDriver.&lt;init&gt;(ChromeDriver.java:123)
	at base.BaseUtil.getLocalDriver(BaseUtil.java:77)
	at base.BaseUtil.setUp(BaseUtil.java:61)
... Removed 32 stack frames
</div> <!-- stack-trace -->
                </div> <!-- method-content -->
              </div> <!-- method -->
              <div class="method">
                <div class="method-content">
                  <a name="testThisWeeksBargainItems">
                  </a> <!-- testThisWeeksBargainItems -->
                  <span class="method-name">testThisWeeksBargainItems</span>
                  <div class="stack-trace">java.lang.IllegalStateException: The driver executable does not exist: /Users/shagriakabir/Desktop/tofael/kabir/BlueGrass/Amazon/..\Generic\browserDriver\chromedriver.exe
	at com.google.common.base.Preconditions.checkState(Preconditions.java:585)
	at org.openqa.selenium.remote.service.DriverService.checkExecutable(DriverService.java:137)
	at org.openqa.selenium.remote.service.DriverService.findExecutable(DriverService.java:132)
	at org.openqa.selenium.chrome.ChromeDriverService.access$000(ChromeDriverService.java:35)
	at org.openqa.selenium.chrome.ChromeDriverService$Builder.findDefaultExecutable(ChromeDriverService.java:156)
	at org.openqa.selenium.remote.service.DriverService$Builder.build(DriverService.java:346)
	at org.openqa.selenium.chrome.ChromeDriverService.createDefaultService(ChromeDriverService.java:91)
	at org.openqa.selenium.chrome.ChromeDriver.&lt;init&gt;(ChromeDriver.java:123)
	at base.BaseUtil.getLocalDriver(BaseUtil.java:77)
	at base.BaseUtil.setUp(BaseUtil.java:61)
... Removed 32 stack frames
</div> <!-- stack-trace -->
                </div> <!-- method-content -->
              </div> <!-- method -->
              <div class="method">
                <div class="method-content">
                  <a name="testThisWeeksNewReleases">
                  </a> <!-- testThisWeeksNewReleases -->
                  <span class="method-name">testThisWeeksNewReleases</span>
                  <div class="stack-trace">java.lang.IllegalStateException: The driver executable does not exist: /Users/shagriakabir/Desktop/tofael/kabir/BlueGrass/Amazon/..\Generic\browserDriver\chromedriver.exe
	at com.google.common.base.Preconditions.checkState(Preconditions.java:585)
	at org.openqa.selenium.remote.service.DriverService.checkExecutable(DriverService.java:137)
	at org.openqa.selenium.remote.service.DriverService.findExecutable(DriverService.java:132)
	at org.openqa.selenium.chrome.ChromeDriverService.access$000(ChromeDriverService.java:35)
	at org.openqa.selenium.chrome.ChromeDriverService$Builder.findDefaultExecutable(ChromeDriverService.java:156)
	at org.openqa.selenium.remote.service.DriverService$Builder.build(DriverService.java:346)
	at org.openqa.selenium.chrome.ChromeDriverService.createDefaultService(ChromeDriverService.java:91)
	at org.openqa.selenium.chrome.ChromeDriver.&lt;init&gt;(ChromeDriver.java:123)
	at base.BaseUtil.getLocalDriver(BaseUtil.java:77)
	at base.BaseUtil.setUp(BaseUtil.java:61)
... Removed 32 stack frames
</div> <!-- stack-trace -->
                </div> <!-- method-content -->
              </div> <!-- method -->
              <div class="method">
                <div class="method-content">
                  <a name="testTodaysDeal">
                  </a> <!-- testTodaysDeal -->
                  <span class="method-name">testTodaysDeal</span>
                  <div class="stack-trace">java.lang.IllegalStateException: The driver executable does not exist: /Users/shagriakabir/Desktop/tofael/kabir/BlueGrass/Amazon/..\Generic\browserDriver\chromedriver.exe
	at com.google.common.base.Preconditions.checkState(Preconditions.java:585)
	at org.openqa.selenium.remote.service.DriverService.checkExecutable(DriverService.java:137)
	at org.openqa.selenium.remote.service.DriverService.findExecutable(DriverService.java:132)
	at org.openqa.selenium.chrome.ChromeDriverService.access$000(ChromeDriverService.java:35)
	at org.openqa.selenium.chrome.ChromeDriverService$Builder.findDefaultExecutable(ChromeDriverService.java:156)
	at org.openqa.selenium.remote.service.DriverService$Builder.build(DriverService.java:346)
	at org.openqa.selenium.chrome.ChromeDriverService.createDefaultService(ChromeDriverService.java:91)
	at org.openqa.selenium.chrome.ChromeDriver.&lt;init&gt;(ChromeDriver.java:123)
	at base.BaseUtil.getLocalDriver(BaseUtil.java:77)
	at base.BaseUtil.setUp(BaseUtil.java:61)
... Removed 32 stack frames
</div> <!-- stack-trace -->
                </div> <!-- method-content -->
              </div> <!-- method -->
              <div class="method">
                <div class="method-content">
                  <a name="testTodaysDealsUnder$25">
                  </a> <!-- testTodaysDealsUnder$25 -->
                  <span class="method-name">testTodaysDealsUnder$25</span>
                  <div class="stack-trace">java.lang.IllegalStateException: The driver executable does not exist: /Users/shagriakabir/Desktop/tofael/kabir/BlueGrass/Amazon/..\Generic\browserDriver\chromedriver.exe
	at com.google.common.base.Preconditions.checkState(Preconditions.java:585)
	at org.openqa.selenium.remote.service.DriverService.checkExecutable(DriverService.java:137)
	at org.openqa.selenium.remote.service.DriverService.findExecutable(DriverService.java:132)
	at org.openqa.selenium.chrome.ChromeDriverService.access$000(ChromeDriverService.java:35)
	at org.openqa.selenium.chrome.ChromeDriverService$Builder.findDefaultExecutable(ChromeDriverService.java:156)
	at org.openqa.selenium.remote.service.DriverService$Builder.build(DriverService.java:346)
	at org.openqa.selenium.chrome.ChromeDriverService.createDefaultService(ChromeDriverService.java:91)
	at org.openqa.selenium.chrome.ChromeDriver.&lt;init&gt;(ChromeDriver.java:123)
	at base.BaseUtil.getLocalDriver(BaseUtil.java:77)
	at base.BaseUtil.setUp(BaseUtil.java:61)
... Removed 32 stack frames
</div> <!-- stack-trace -->
                </div> <!-- method-content -->
              </div> <!-- method -->
              <div class="method">
                <div class="method-content">
                  <a name="testTrendsInLowPricedWatches">
                  </a> <!-- testTrendsInLowPricedWatches -->
                  <span class="method-name">testTrendsInLowPricedWatches</span>
                  <div class="stack-trace">java.lang.IllegalStateException: The driver executable does not exist: /Users/shagriakabir/Desktop/tofael/kabir/BlueGrass/Amazon/..\Generic\browserDriver\chromedriver.exe
	at com.google.common.base.Preconditions.checkState(Preconditions.java:585)
	at org.openqa.selenium.remote.service.DriverService.checkExecutable(DriverService.java:137)
	at org.openqa.selenium.remote.service.DriverService.findExecutable(DriverService.java:132)
	at org.openqa.selenium.chrome.ChromeDriverService.access$000(ChromeDriverService.java:35)
	at org.openqa.selenium.chrome.ChromeDriverService$Builder.findDefaultExecutable(ChromeDriverService.java:156)
	at org.openqa.selenium.remote.service.DriverService$Builder.build(DriverService.java:346)
	at org.openqa.selenium.chrome.ChromeDriverService.createDefaultService(ChromeDriverService.java:91)
	at org.openqa.selenium.chrome.ChromeDriver.&lt;init&gt;(ChromeDriver.java:123)
	at base.BaseUtil.getLocalDriver(BaseUtil.java:77)
	at base.BaseUtil.setUp(BaseUtil.java:61)
... Removed 32 stack frames
</div> <!-- stack-trace -->
                </div> <!-- method-content -->
              </div> <!-- method -->
              <div class="method">
                <div class="method-content">
                  <a name="testWholeFoods">
                  </a> <!-- testWholeFoods -->
                  <span class="method-name">testWholeFoods</span>
                  <div class="stack-trace">java.lang.IllegalStateException: The driver executable does not exist: /Users/shagriakabir/Desktop/tofael/kabir/BlueGrass/Amazon/..\Generic\browserDriver\chromedriver.exe
	at com.google.common.base.Preconditions.checkState(Preconditions.java:585)
	at org.openqa.selenium.remote.service.DriverService.checkExecutable(DriverService.java:137)
	at org.openqa.selenium.remote.service.DriverService.findExecutable(DriverService.java:132)
	at org.openqa.selenium.chrome.ChromeDriverService.access$000(ChromeDriverService.java:35)
	at org.openqa.selenium.chrome.ChromeDriverService$Builder.findDefaultExecutable(ChromeDriverService.java:156)
	at org.openqa.selenium.remote.service.DriverService$Builder.build(DriverService.java:346)
	at org.openqa.selenium.chrome.ChromeDriverService.createDefaultService(ChromeDriverService.java:91)
	at org.openqa.selenium.chrome.ChromeDriver.&lt;init&gt;(ChromeDriver.java:123)
	at base.BaseUtil.getLocalDriver(BaseUtil.java:77)
	at base.BaseUtil.setUp(BaseUtil.java:61)
... Removed 32 stack frames
</div> <!-- stack-trace -->
                </div> <!-- method-content -->
              </div> <!-- method -->
              <div class="method">
                <div class="method-content">
                  <a name="testYourAccount">
                  </a> <!-- testYourAccount -->
                  <span class="method-name">testYourAccount</span>
                  <div class="stack-trace">java.lang.IllegalStateException: The driver executable does not exist: /Users/shagriakabir/Desktop/tofael/kabir/BlueGrass/Amazon/..\Generic\browserDriver\chromedriver.exe
	at com.google.common.base.Preconditions.checkState(Preconditions.java:585)
	at org.openqa.selenium.remote.service.DriverService.checkExecutable(DriverService.java:137)
	at org.openqa.selenium.remote.service.DriverService.findExecutable(DriverService.java:132)
	at org.openqa.selenium.chrome.ChromeDriverService.access$000(ChromeDriverService.java:35)
	at org.openqa.selenium.chrome.ChromeDriverService$Builder.findDefaultExecutable(ChromeDriverService.java:156)
	at org.openqa.selenium.remote.service.DriverService$Builder.build(DriverService.java:346)
	at org.openqa.selenium.chrome.ChromeDriverService.createDefaultService(ChromeDriverService.java:91)
	at org.openqa.selenium.chrome.ChromeDriver.&lt;init&gt;(ChromeDriver.java:123)
	at base.BaseUtil.getLocalDriver(BaseUtil.java:77)
	at base.BaseUtil.setUp(BaseUtil.java:61)
... Removed 32 stack frames
</div> <!-- stack-trace -->
                </div> <!-- method-content -->
              </div> <!-- method -->
              <div class="method">
                <div class="method-content">
                  <a name="testYourAmazonDotCom">
                  </a> <!-- testYourAmazonDotCom -->
                  <span class="method-name">testYourAmazonDotCom</span>
                  <div class="stack-trace">java.lang.IllegalStateException: The driver executable does not exist: /Users/shagriakabir/Desktop/tofael/kabir/BlueGrass/Amazon/..\Generic\browserDriver\chromedriver.exe
	at com.google.common.base.Preconditions.checkState(Preconditions.java:585)
	at org.openqa.selenium.remote.service.DriverService.checkExecutable(DriverService.java:137)
	at org.openqa.selenium.remote.service.DriverService.findExecutable(DriverService.java:132)
	at org.openqa.selenium.chrome.ChromeDriverService.access$000(ChromeDriverService.java:35)
	at org.openqa.selenium.chrome.ChromeDriverService$Builder.findDefaultExecutable(ChromeDriverService.java:156)
	at org.openqa.selenium.remote.service.DriverService$Builder.build(DriverService.java:346)
	at org.openqa.selenium.chrome.ChromeDriverService.createDefaultService(ChromeDriverService.java:91)
	at org.openqa.selenium.chrome.ChromeDriver.&lt;init&gt;(ChromeDriver.java:123)
	at base.BaseUtil.getLocalDriver(BaseUtil.java:77)
	at base.BaseUtil.setUp(BaseUtil.java:61)
... Removed 32 stack frames
</div> <!-- stack-trace -->
                </div> <!-- method-content -->
              </div> <!-- method -->
              <div class="method">
                <div class="method-content">
                  <a name="testYourOrders">
                  </a> <!-- testYourOrders -->
                  <span class="method-name">testYourOrders</span>
                  <div class="stack-trace">java.lang.IllegalStateException: The driver executable does not exist: /Users/shagriakabir/Desktop/tofael/kabir/BlueGrass/Amazon/..\Generic\browserDriver\chromedriver.exe
	at com.google.common.base.Preconditions.checkState(Preconditions.java:585)
	at org.openqa.selenium.remote.service.DriverService.checkExecutable(DriverService.java:137)
	at org.openqa.selenium.remote.service.DriverService.findExecutable(DriverService.java:132)
	at org.openqa.selenium.chrome.ChromeDriverService.access$000(ChromeDriverService.java:35)
	at org.openqa.selenium.chrome.ChromeDriverService$Builder.findDefaultExecutable(ChromeDriverService.java:156)
	at org.openqa.selenium.remote.service.DriverService$Builder.build(DriverService.java:346)
	at org.openqa.selenium.chrome.ChromeDriverService.createDefaultService(ChromeDriverService.java:91)
	at org.openqa.selenium.chrome.ChromeDriver.&lt;init&gt;(ChromeDriver.java:123)
	at base.BaseUtil.getLocalDriver(BaseUtil.java:77)
	at base.BaseUtil.setUp(BaseUtil.java:61)
... Removed 32 stack frames
</div> <!-- stack-trace -->
                </div> <!-- method-content -->
              </div> <!-- method -->
              <div class="method">
                <div class="method-content">
                  <a name="testZappos">
                  </a> <!-- testZappos -->
                  <span class="method-name">testZappos</span>
                  <div class="stack-trace">java.lang.IllegalStateException: The driver executable does not exist: /Users/shagriakabir/Desktop/tofael/kabir/BlueGrass/Amazon/..\Generic\browserDriver\chromedriver.exe
	at com.google.common.base.Preconditions.checkState(Preconditions.java:585)
	at org.openqa.selenium.remote.service.DriverService.checkExecutable(DriverService.java:137)
	at org.openqa.selenium.remote.service.DriverService.findExecutable(DriverService.java:132)
	at org.openqa.selenium.chrome.ChromeDriverService.access$000(ChromeDriverService.java:35)
	at org.openqa.selenium.chrome.ChromeDriverService$Builder.findDefaultExecutable(ChromeDriverService.java:156)
	at org.openqa.selenium.remote.service.DriverService$Builder.build(DriverService.java:346)
	at org.openqa.selenium.chrome.ChromeDriverService.createDefaultService(ChromeDriverService.java:91)
	at org.openqa.selenium.chrome.ChromeDriver.&lt;init&gt;(ChromeDriver.java:123)
	at base.BaseUtil.getLocalDriver(BaseUtil.java:77)
	at base.BaseUtil.setUp(BaseUtil.java:61)
... Removed 32 stack frames
</div> <!-- stack-trace -->
                </div> <!-- method-content -->
              </div> <!-- method -->
              <div class="method">
                <div class="method-content">
                  <a name="testviewSearchBox">
                  </a> <!-- testviewSearchBox -->
                  <span class="method-name">testviewSearchBox</span>
                  <div class="stack-trace">java.lang.IllegalStateException: The driver executable does not exist: /Users/shagriakabir/Desktop/tofael/kabir/BlueGrass/Amazon/..\Generic\browserDriver\chromedriver.exe
	at com.google.common.base.Preconditions.checkState(Preconditions.java:585)
	at org.openqa.selenium.remote.service.DriverService.checkExecutable(DriverService.java:137)
	at org.openqa.selenium.remote.service.DriverService.findExecutable(DriverService.java:132)
	at org.openqa.selenium.chrome.ChromeDriverService.access$000(ChromeDriverService.java:35)
	at org.openqa.selenium.chrome.ChromeDriverService$Builder.findDefaultExecutable(ChromeDriverService.java:156)
	at org.openqa.selenium.remote.service.DriverService$Builder.build(DriverService.java:346)
	at org.openqa.selenium.chrome.ChromeDriverService.createDefaultService(ChromeDriverService.java:91)
	at org.openqa.selenium.chrome.ChromeDriver.&lt;init&gt;(ChromeDriver.java:123)
	at base.BaseUtil.getLocalDriver(BaseUtil.java:77)
	at base.BaseUtil.setUp(BaseUtil.java:61)
... Removed 32 stack frames
</div> <!-- stack-trace -->
                </div> <!-- method-content -->
              </div> <!-- method -->
            </div> <!-- main-panel-content rounded-window-bottom -->
          </div> <!-- suite-Amazon_Automation_Script-class-skipped -->
        </div> <!-- panel Amazon_Automation_Script -->
        <div panel-name="test-xml-Amazon_Automation_Script" class="panel">
          <div class="main-panel-header rounded-window-top">
            <span class="header-content">/Users/shagriakabir/Desktop/tofael/kabir/BlueGrass/Amazon/target/test-classes/AmazonTestRunner.xml</span>
          </div> <!-- main-panel-header rounded-window-top -->
          <div class="main-panel-content rounded-window-bottom">
            <pre>
&lt;?xml version=&quot;1.0&quot; encoding=&quot;UTF-8&quot;?&gt;
&lt;!DOCTYPE suite SYSTEM &quot;http://testng.org/testng-1.0.dtd&quot;&gt;
&lt;suite name=&quot;Amazon Automation Script&quot; guice-stage=&quot;DEVELOPMENT&quot; verbose=&quot;0&quot;&gt;
  &lt;parameter name=&quot;useCloudEnv&quot; value=&quot;false&quot;/&gt;
  &lt;parameter name=&quot;os&quot; value=&quot;Windows&quot;/&gt;
  &lt;parameter name=&quot;os_version&quot; value=&quot;10&quot;/&gt;
  &lt;parameter name=&quot;browserVersion&quot; value=&quot;60.0&quot;/&gt;
  &lt;parameter name=&quot;browserName&quot; value=&quot;chrome&quot;/&gt;
  &lt;parameter name=&quot;cloudEnvName&quot; value=&quot;browserstack&quot;/&gt;
  &lt;parameter name=&quot;url&quot; value=&quot;https://www.amazon.com/&quot;/&gt;
  &lt;test thread-count=&quot;5&quot; name=&quot;Amazon Home&quot; verbose=&quot;0&quot;&gt;
    &lt;classes&gt;
      &lt;class name=&quot;testHomePage.TestMainPage&quot;/&gt;
    &lt;/classes&gt;
  &lt;/test&gt; &lt;!-- Amazon Home --&gt;
&lt;/suite&gt; &lt;!-- Amazon Automation Script --&gt;
            </pre>
          </div> <!-- main-panel-content rounded-window-bottom -->
        </div> <!-- panel -->
        <div panel-name="testlist-Amazon_Automation_Script" class="panel">
          <div class="main-panel-header rounded-window-top">
            <span class="header-content">Tests for Amazon Automation Script</span>
          </div> <!-- main-panel-header rounded-window-top -->
          <div class="main-panel-content rounded-window-bottom">
            <ul>
              <li>
                <span class="test-name">Amazon Home (1 class)</span>
              </li>
            </ul>
          </div> <!-- main-panel-content rounded-window-bottom -->
        </div> <!-- panel -->
        <div panel-name="group-Amazon_Automation_Script" class="panel">
          <div class="main-panel-header rounded-window-top">
            <span class="header-content">Groups for Amazon Automation Script</span>
          </div> <!-- main-panel-header rounded-window-top -->
          <div class="main-panel-content rounded-window-bottom">
          </div> <!-- main-panel-content rounded-window-bottom -->
        </div> <!-- panel -->
        <div panel-name="times-Amazon_Automation_Script" class="panel">
          <div class="main-panel-header rounded-window-top">
            <span class="header-content">Times for Amazon Automation Script</span>
          </div> <!-- main-panel-header rounded-window-top -->
          <div class="main-panel-content rounded-window-bottom">
            <div class="times-div">
              <script type="text/javascript">
suiteTableInitFunctions.push('tableData_Amazon_Automation_Script');
function tableData_Amazon_Automation_Script() {
var data = new google.visualization.DataTable();
data.addColumn('number', 'Number');
data.addColumn('string', 'Method');
data.addColumn('string', 'Class');
data.addColumn('number', 'Time (ms)');
data.addRows(69);
data.setCell(0, 0, 0)
data.setCell(0, 1, 'testEmailPhoneForMobileAccounts')
data.setCell(0, 2, 'testHomePage.TestMainPage')
data.setCell(0, 3, 0);
data.setCell(1, 0, 1)
data.setCell(1, 1, 'testAmazonDotComCorporateCreditLine')
data.setCell(1, 2, 'testHomePage.TestMainPage')
data.setCell(1, 3, 0);
data.setCell(2, 0, 2)
data.setCell(2, 1, 'testCareer')
data.setCell(2, 2, 'testHomePage.TestMainPage')
data.setCell(2, 3, 0);
data.setCell(3, 0, 3)
data.setCell(3, 1, 'testTodaysDeal')
data.setCell(3, 2, 'testHomePage.TestMainPage')
data.setCell(3, 3, 0);
data.setCell(4, 0, 4)
data.setCell(4, 1, 'testInvestorRelations')
data.setCell(4, 2, 'testHomePage.TestMainPage')
data.setCell(4, 3, 0);
data.setCell(5, 0, 5)
data.setCell(5, 1, 'testAmazonBusiness')
data.setCell(5, 2, 'testHomePage.TestMainPage')
data.setCell(5, 3, 0);
data.setCell(6, 0, 6)
data.setCell(6, 1, 'testAmazonDotComStoreCard')
data.setCell(6, 2, 'testHomePage.TestMainPage')
data.setCell(6, 3, 0);
data.setCell(7, 0, 7)
data.setCell(7, 1, 'testSeeMore')
data.setCell(7, 2, 'testHomePage.TestMainPage')
data.setCell(7, 3, 0);
data.setCell(8, 0, 8)
data.setCell(8, 1, 'testAmazonPaymentProducts')
data.setCell(8, 2, 'testHomePage.TestMainPage')
data.setCell(8, 3, 0);
data.setCell(9, 0, 9)
data.setCell(9, 1, 'testShippingRatesAndPolicies')
data.setCell(9, 2, 'testHomePage.TestMainPage')
data.setCell(9, 3, 0);
data.setCell(10, 0, 10)
data.setCell(10, 1, 'testTrendsInLowPricedWatches')
data.setCell(10, 2, 'testHomePage.TestMainPage')
data.setCell(10, 3, 0);
data.setCell(11, 0, 11)
data.setCell(11, 1, 'testThisWeeksBargainItems')
data.setCell(11, 2, 'testHomePage.TestMainPage')
data.setCell(11, 3, 0);
data.setCell(12, 0, 12)
data.setCell(12, 1, 'testShopNow')
data.setCell(12, 2, 'testHomePage.TestMainPage')
data.setCell(12, 3, 0);
data.setCell(13, 0, 13)
data.setCell(13, 1, 'testPrimeNow')
data.setCell(13, 2, 'testHomePage.TestMainPage')
data.setCell(13, 3, 0);
data.setCell(14, 0, 14)
data.setCell(14, 1, 'testSignInForTheBestExperience')
data.setCell(14, 2, 'testHomePage.TestMainPage')
data.setCell(14, 3, 0);
data.setCell(15, 0, 15)
data.setCell(15, 1, 'testBookDepository')
data.setCell(15, 2, 'testHomePage.TestMainPage')
data.setCell(15, 3, 0);
data.setCell(16, 0, 16)
data.setCell(16, 1, 'testAboutAmazon')
data.setCell(16, 2, 'testHomePage.TestMainPage')
data.setCell(16, 3, 0);
data.setCell(17, 0, 17)
data.setCell(17, 1, 'testAmazonAdvertising')
data.setCell(17, 2, 'testHomePage.TestMainPage')
data.setCell(17, 3, 0);
data.setCell(18, 0, 18)
data.setCell(18, 1, 'testSellYourAppsOnAmazon')
data.setCell(18, 2, 'testHomePage.TestMainPage')
data.setCell(18, 3, 0);
data.setCell(19, 0, 19)
data.setCell(19, 1, 'testReloadYourBalance')
data.setCell(19, 2, 'testHomePage.TestMainPage')
data.setCell(19, 3, 0);
data.setCell(20, 0, 20)
data.setCell(20, 1, 'testviewSearchBox')
data.setCell(20, 2, 'testHomePage.TestMainPage')
data.setCell(20, 3, 0);
data.setCell(21, 0, 21)
data.setCell(21, 1, 'testSelfPublishWithUs')
data.setCell(21, 2, 'testHomePage.TestMainPage')
data.setCell(21, 3, 0);
data.setCell(22, 0, 22)
data.setCell(22, 1, 'testRecommendedItemsOtherCustomersOftenBuyAgain')
data.setCell(22, 2, 'testHomePage.TestMainPage')
data.setCell(22, 3, 0);
data.setCell(23, 0, 23)
data.setCell(23, 1, 'testGiftCards')
data.setCell(23, 2, 'testHomePage.TestMainPage')
data.setCell(23, 3, 0);
data.setCell(24, 0, 24)
data.setCell(24, 1, 'testAmazonGlobal')
data.setCell(24, 2, 'testHomePage.TestMainPage')
data.setCell(24, 3, 0);
data.setCell(25, 0, 25)
data.setCell(25, 1, 'testLetUsHelpYou')
data.setCell(25, 2, 'testHomePage.TestMainPage')
data.setCell(25, 3, 0);
data.setCell(26, 0, 26)
data.setCell(26, 1, 'testReturnsAndReplacements')
data.setCell(26, 2, 'testHomePage.TestMainPage')
data.setCell(26, 3, 0);
data.setCell(27, 0, 27)
data.setCell(27, 1, 'testAmazonDevices')
data.setCell(27, 2, 'testHomePage.TestMainPage')
data.setCell(27, 3, 0);
data.setCell(28, 0, 28)
data.setCell(28, 1, 'testAmazonFresh')
data.setCell(28, 2, 'testHomePage.TestMainPage')
data.setCell(28, 3, 0);
data.setCell(29, 0, 29)
data.setCell(29, 1, 'testAffordableApparel')
data.setCell(29, 2, 'testHomePage.TestMainPage')
data.setCell(29, 3, 0);
data.setCell(30, 0, 30)
data.setCell(30, 1, 'testSellYourServicesOnAmazon')
data.setCell(30, 2, 'testHomePage.TestMainPage')
data.setCell(30, 3, 0);
data.setCell(31, 0, 31)
data.setCell(31, 1, 'testTodaysDealsUnder$25')
data.setCell(31, 2, 'testHomePage.TestMainPage')
data.setCell(31, 3, 0);
data.setCell(32, 0, 32)
data.setCell(32, 1, 'testAudible')
data.setCell(32, 2, 'testHomePage.TestMainPage')
data.setCell(32, 3, 0);
data.setCell(33, 0, 33)
data.setCell(33, 1, 'testZappos')
data.setCell(33, 2, 'testHomePage.TestMainPage')
data.setCell(33, 3, 0);
data.setCell(34, 0, 34)
data.setCell(34, 1, 'testYourAccount')
data.setCell(34, 2, 'testHomePage.TestMainPage')
data.setCell(34, 3, 0);
data.setCell(35, 0, 35)
data.setCell(35, 1, 'testGetToKnowUs')
data.setCell(35, 2, 'testHomePage.TestMainPage')
data.setCell(35, 3, 0);
data.setCell(36, 0, 36)
data.setCell(36, 1, 'testMakeMoneyWithUs')
data.setCell(36, 2, 'testHomePage.TestMainPage')
data.setCell(36, 3, 0);
data.setCell(37, 0, 37)
data.setCell(37, 1, 'testLogo')
data.setCell(37, 2, 'testHomePage.TestMainPage')
data.setCell(37, 3, 0);
data.setCell(38, 0, 38)
data.setCell(38, 1, 'testPrimeVideoDirect')
data.setCell(38, 2, 'testHomePage.TestMainPage')
data.setCell(38, 3, 0);
data.setCell(39, 0, 39)
data.setCell(39, 1, 'testAmazonCurrencyConverter')
data.setCell(39, 2, 'testHomePage.TestMainPage')
data.setCell(39, 3, 0);
data.setCell(40, 0, 40)
data.setCell(40, 1, 'testCreditCardMarketplace')
data.setCell(40, 2, 'testHomePage.TestMainPage')
data.setCell(40, 3, 0);
data.setCell(41, 0, 41)
data.setCell(41, 1, 'testAmazonWebServices')
data.setCell(41, 2, 'testHomePage.TestMainPage')
data.setCell(41, 3, 0);
data.setCell(42, 0, 42)
data.setCell(42, 1, 'testSellOnAmazon')
data.setCell(42, 2, 'testHomePage.TestMainPage')
data.setCell(42, 3, 0);
data.setCell(43, 0, 43)
data.setCell(43, 1, 'testSellUnderPrivateBrands')
data.setCell(43, 2, 'testHomePage.TestMainPage')
data.setCell(43, 3, 0);
data.setCell(44, 0, 44)
data.setCell(44, 1, 'testAmazonAssistant')
data.setCell(44, 2, 'testHomePage.TestMainPage')
data.setCell(44, 3, 0);
data.setCell(45, 0, 45)
data.setCell(45, 1, 'testGoodReads')
data.setCell(45, 2, 'testHomePage.TestMainPage')
data.setCell(45, 3, 0);
data.setCell(46, 0, 46)
data.setCell(46, 1, 'testFabric')
data.setCell(46, 2, 'testHomePage.TestMainPage')
data.setCell(46, 3, 0);
data.setCell(47, 0, 47)
data.setCell(47, 1, 'testAmazonMusic')
data.setCell(47, 2, 'testHomePage.TestMainPage')
data.setCell(47, 3, 0);
data.setCell(48, 0, 48)
data.setCell(48, 1, 'testOrders')
data.setCell(48, 2, 'testHomePage.TestMainPage')
data.setCell(48, 3, 0);
data.setCell(49, 0, 49)
data.setCell(49, 1, 'testAmazonBusinessCard')
data.setCell(49, 2, 'testHomePage.TestMainPage')
data.setCell(49, 3, 0);
data.setCell(50, 0, 50)
data.setCell(50, 1, 'testAmazonPrime')
data.setCell(50, 2, 'testHomePage.TestMainPage')
data.setCell(50, 3, 0);
data.setCell(51, 0, 51)
data.setCell(51, 1, 'testBlog')
data.setCell(51, 2, 'testHomePage.TestMainPage')
data.setCell(51, 3, 0);
data.setCell(52, 0, 52)
data.setCell(52, 1, 'testWholeFoods')
data.setCell(52, 2, 'testHomePage.TestMainPage')
data.setCell(52, 3, 0);
data.setCell(53, 0, 53)
data.setCell(53, 1, 'testThisWeeksNewReleases')
data.setCell(53, 2, 'testHomePage.TestMainPage')
data.setCell(53, 3, 0);
data.setCell(54, 0, 54)
data.setCell(54, 1, 'testAdvertiseYourProducts')
data.setCell(54, 2, 'testHomePage.TestMainPage')
data.setCell(54, 3, 0);
data.setCell(55, 0, 55)
data.setCell(55, 1, 'testYourAmazonDotCom')
data.setCell(55, 2, 'testHomePage.TestMainPage')
data.setCell(55, 3, 0);
data.setCell(56, 0, 56)
data.setCell(56, 1, 'testEastDane')
data.setCell(56, 2, 'testHomePage.TestMainPage')
data.setCell(56, 3, 0);
data.setCell(57, 0, 57)
data.setCell(57, 1, 'testAdFeedback')
data.setCell(57, 2, 'testHomePage.TestMainPage')
data.setCell(57, 3, 0);
data.setCell(58, 0, 58)
data.setCell(58, 1, 'testManageYourContentAndDevices')
data.setCell(58, 2, 'testHomePage.TestMainPage')
data.setCell(58, 3, 0);
data.setCell(59, 0, 59)
data.setCell(59, 1, 'testNewYear')
data.setCell(59, 2, 'testHomePage.TestMainPage')
data.setCell(59, 3, 0);
data.setCell(60, 0, 60)
data.setCell(60, 1, 'testSellOnAmazonBusiness')
data.setCell(60, 2, 'testHomePage.TestMainPage')
data.setCell(60, 3, 0);
data.setCell(61, 0, 61)
data.setCell(61, 1, 'testAmazonDrive')
data.setCell(61, 2, 'testHomePage.TestMainPage')
data.setCell(61, 3, 0);
data.setCell(62, 0, 62)
data.setCell(62, 1, 'testPressCenter')
data.setCell(62, 2, 'testHomePage.TestMainPage')
data.setCell(62, 3, 0);
data.setCell(63, 0, 63)
data.setCell(63, 1, 'testAmazonRewardsVisaSignatureCards')
data.setCell(63, 2, 'testHomePage.TestMainPage')
data.setCell(63, 3, 0);
data.setCell(64, 0, 64)
data.setCell(64, 1, 'testYourOrders')
data.setCell(64, 2, 'testHomePage.TestMainPage')
data.setCell(64, 3, 0);
data.setCell(65, 0, 65)
data.setCell(65, 1, 'testSellOnAmazonHandmade')
data.setCell(65, 2, 'testHomePage.TestMainPage')
data.setCell(65, 3, 0);
data.setCell(66, 0, 66)
data.setCell(66, 1, 'testNewYearNewYouReinventYourself')
data.setCell(66, 2, 'testHomePage.TestMainPage')
data.setCell(66, 3, 0);
data.setCell(67, 0, 67)
data.setCell(67, 1, 'testBecomeAnAffiliate')
data.setCell(67, 2, 'testHomePage.TestMainPage')
data.setCell(67, 3, 0);
data.setCell(68, 0, 68)
data.setCell(68, 1, 'testAmazonPhotos')
data.setCell(68, 2, 'testHomePage.TestMainPage')
data.setCell(68, 3, 0);
window.suiteTableData['Amazon_Automation_Script']= { tableData: data, tableDiv: 'times-div-Amazon_Automation_Script'}
return data;
}
              </script>
              <span class="suite-total-time">Total running time: 0 ms</span>
              <div id="times-div-Amazon_Automation_Script">
              </div> <!-- times-div-Amazon_Automation_Script -->
            </div> <!-- times-div -->
          </div> <!-- main-panel-content rounded-window-bottom -->
        </div> <!-- panel -->
        <div panel-name="reporter-Amazon_Automation_Script" class="panel">
          <div class="main-panel-header rounded-window-top">
            <span class="header-content">Reporter output for Amazon Automation Script</span>
          </div> <!-- main-panel-header rounded-window-top -->
          <div class="main-panel-content rounded-window-bottom">
          </div> <!-- main-panel-content rounded-window-bottom -->
        </div> <!-- panel -->
        <div panel-name="ignored-methods-Amazon_Automation_Script" class="panel">
          <div class="main-panel-header rounded-window-top">
            <span class="header-content">0 ignored methods</span>
          </div> <!-- main-panel-header rounded-window-top -->
          <div class="main-panel-content rounded-window-bottom">
          </div> <!-- main-panel-content rounded-window-bottom -->
        </div> <!-- panel -->
        <div panel-name="chronological-Amazon_Automation_Script" class="panel">
          <div class="main-panel-header rounded-window-top">
            <span class="header-content">Methods in chronological order</span>
          </div> <!-- main-panel-header rounded-window-top -->
          <div class="main-panel-content rounded-window-bottom">
            <div class="chronological-class">
              <div class="chronological-class-name">testHomePage.TestMainPage</div> <!-- chronological-class-name -->
              <div class="test-method">
                <span class="method-name">testAboutAmazon</span>
                <span class="method-start">0 ms</span>
              </div> <!-- test-method -->
              <div class="test-method">
                <span class="method-name">testAdFeedback</span>
                <span class="method-start">0 ms</span>
              </div> <!-- test-method -->
              <div class="test-method">
                <span class="method-name">testAdvertiseYourProducts</span>
                <span class="method-start">0 ms</span>
              </div> <!-- test-method -->
              <div class="test-method">
                <span class="method-name">testAffordableApparel</span>
                <span class="method-start">0 ms</span>
              </div> <!-- test-method -->
              <div class="test-method">
                <span class="method-name">testAmazonAdvertising</span>
                <span class="method-start">0 ms</span>
              </div> <!-- test-method -->
              <div class="test-method">
                <span class="method-name">testAmazonAssistant</span>
                <span class="method-start">0 ms</span>
              </div> <!-- test-method -->
              <div class="test-method">
                <span class="method-name">testAmazonBusiness</span>
                <span class="method-start">0 ms</span>
              </div> <!-- test-method -->
              <div class="test-method">
                <span class="method-name">testAmazonBusinessCard</span>
                <span class="method-start">0 ms</span>
              </div> <!-- test-method -->
              <div class="test-method">
                <span class="method-name">testAmazonCurrencyConverter</span>
                <span class="method-start">0 ms</span>
              </div> <!-- test-method -->
              <div class="test-method">
                <span class="method-name">testAmazonDevices</span>
                <span class="method-start">0 ms</span>
              </div> <!-- test-method -->
              <div class="test-method">
                <span class="method-name">testAmazonDotComCorporateCreditLine</span>
                <span class="method-start">0 ms</span>
              </div> <!-- test-method -->
              <div class="test-method">
                <span class="method-name">testAmazonDotComStoreCard</span>
                <span class="method-start">0 ms</span>
              </div> <!-- test-method -->
              <div class="test-method">
                <span class="method-name">testAmazonDrive</span>
                <span class="method-start">0 ms</span>
              </div> <!-- test-method -->
              <div class="test-method">
                <span class="method-name">testAmazonFresh</span>
                <span class="method-start">0 ms</span>
              </div> <!-- test-method -->
              <div class="test-method">
                <span class="method-name">testAmazonGlobal</span>
                <span class="method-start">0 ms</span>
              </div> <!-- test-method -->
              <div class="test-method">
                <span class="method-name">testAmazonMusic</span>
                <span class="method-start">0 ms</span>
              </div> <!-- test-method -->
              <div class="test-method">
                <span class="method-name">testAmazonPaymentProducts</span>
                <span class="method-start">0 ms</span>
              </div> <!-- test-method -->
              <div class="test-method">
                <span class="method-name">testAmazonPhotos</span>
                <span class="method-start">0 ms</span>
              </div> <!-- test-method -->
              <div class="test-method">
                <span class="method-name">testAmazonPrime</span>
                <span class="method-start">0 ms</span>
              </div> <!-- test-method -->
              <div class="test-method">
                <span class="method-name">testAmazonRewardsVisaSignatureCards</span>
                <span class="method-start">0 ms</span>
              </div> <!-- test-method -->
              <div class="test-method">
                <span class="method-name">testAmazonWebServices</span>
                <span class="method-start">0 ms</span>
              </div> <!-- test-method -->
              <div class="test-method">
                <span class="method-name">testAudible</span>
                <span class="method-start">0 ms</span>
              </div> <!-- test-method -->
              <div class="test-method">
                <span class="method-name">testBecomeAnAffiliate</span>
                <span class="method-start">0 ms</span>
              </div> <!-- test-method -->
              <div class="test-method">
                <span class="method-name">testBlog</span>
                <span class="method-start">0 ms</span>
              </div> <!-- test-method -->
              <div class="test-method">
                <span class="method-name">testBookDepository</span>
                <span class="method-start">0 ms</span>
              </div> <!-- test-method -->
              <div class="test-method">
                <span class="method-name">testCareer</span>
                <span class="method-start">0 ms</span>
              </div> <!-- test-method -->
              <div class="test-method">
                <span class="method-name">testCreditCardMarketplace</span>
                <span class="method-start">0 ms</span>
              </div> <!-- test-method -->
              <div class="test-method">
                <span class="method-name">testEastDane</span>
                <span class="method-start">0 ms</span>
              </div> <!-- test-method -->
              <div class="test-method">
                <span class="method-name">testEmailPhoneForMobileAccounts</span>
                <span class="method-start">0 ms</span>
              </div> <!-- test-method -->
              <div class="test-method">
                <span class="method-name">testFabric</span>
                <span class="method-start">0 ms</span>
              </div> <!-- test-method -->
              <div class="test-method">
                <span class="method-name">testGetToKnowUs</span>
                <span class="method-start">0 ms</span>
              </div> <!-- test-method -->
              <div class="test-method">
                <span class="method-name">testGiftCards</span>
                <span class="method-start">0 ms</span>
              </div> <!-- test-method -->
              <div class="test-method">
                <span class="method-name">testGoodReads</span>
                <span class="method-start">0 ms</span>
              </div> <!-- test-method -->
              <div class="test-method">
                <span class="method-name">testInvestorRelations</span>
                <span class="method-start">0 ms</span>
              </div> <!-- test-method -->
              <div class="test-method">
                <span class="method-name">testLetUsHelpYou</span>
                <span class="method-start">0 ms</span>
              </div> <!-- test-method -->
              <div class="test-method">
                <span class="method-name">testMakeMoneyWithUs</span>
                <span class="method-start">0 ms</span>
              </div> <!-- test-method -->
              <div class="test-method">
                <span class="method-name">testManageYourContentAndDevices</span>
                <span class="method-start">0 ms</span>
              </div> <!-- test-method -->
              <div class="test-method">
                <span class="method-name">testNewYear</span>
                <span class="method-start">0 ms</span>
              </div> <!-- test-method -->
              <div class="test-method">
                <span class="method-name">testNewYearNewYouReinventYourself</span>
                <span class="method-start">0 ms</span>
              </div> <!-- test-method -->
              <div class="test-method">
                <span class="method-name">testOrders</span>
                <span class="method-start">0 ms</span>
              </div> <!-- test-method -->
              <div class="test-method">
                <span class="method-name">testPressCenter</span>
                <span class="method-start">0 ms</span>
              </div> <!-- test-method -->
              <div class="test-method">
                <span class="method-name">testPrimeNow</span>
                <span class="method-start">0 ms</span>
              </div> <!-- test-method -->
              <div class="test-method">
                <span class="method-name">testPrimeVideoDirect</span>
                <span class="method-start">0 ms</span>
              </div> <!-- test-method -->
              <div class="test-method">
                <span class="method-name">testRecommendedItemsOtherCustomersOftenBuyAgain</span>
                <span class="method-start">0 ms</span>
              </div> <!-- test-method -->
              <div class="test-method">
                <span class="method-name">testReloadYourBalance</span>
                <span class="method-start">0 ms</span>
              </div> <!-- test-method -->
              <div class="test-method">
                <span class="method-name">testReturnsAndReplacements</span>
                <span class="method-start">0 ms</span>
              </div> <!-- test-method -->
              <div class="test-method">
                <span class="method-name">testSeeMore</span>
                <span class="method-start">0 ms</span>
              </div> <!-- test-method -->
              <div class="test-method">
                <span class="method-name">testSelfPublishWithUs</span>
                <span class="method-start">0 ms</span>
              </div> <!-- test-method -->
              <div class="test-method">
                <span class="method-name">testSellOnAmazon</span>
                <span class="method-start">0 ms</span>
              </div> <!-- test-method -->
              <div class="test-method">
                <span class="method-name">testSellOnAmazonBusiness</span>
                <span class="method-start">0 ms</span>
              </div> <!-- test-method -->
              <div class="test-method">
                <span class="method-name">testSellOnAmazonHandmade</span>
                <span class="method-start">0 ms</span>
              </div> <!-- test-method -->
              <div class="test-method">
                <span class="method-name">testSellUnderPrivateBrands</span>
                <span class="method-start">0 ms</span>
              </div> <!-- test-method -->
              <div class="test-method">
                <span class="method-name">testSellYourAppsOnAmazon</span>
                <span class="method-start">0 ms</span>
              </div> <!-- test-method -->
              <div class="test-method">
                <span class="method-name">testSellYourServicesOnAmazon</span>
                <span class="method-start">0 ms</span>
              </div> <!-- test-method -->
              <div class="test-method">
                <span class="method-name">testShippingRatesAndPolicies</span>
                <span class="method-start">0 ms</span>
              </div> <!-- test-method -->
              <div class="test-method">
                <span class="method-name">testShopNow</span>
                <span class="method-start">0 ms</span>
              </div> <!-- test-method -->
              <div class="test-method">
                <span class="method-name">testSignInForTheBestExperience</span>
                <span class="method-start">0 ms</span>
              </div> <!-- test-method -->
              <div class="test-method">
                <span class="method-name">testThisWeeksBargainItems</span>
                <span class="method-start">0 ms</span>
              </div> <!-- test-method -->
              <div class="test-method">
                <span class="method-name">testThisWeeksNewReleases</span>
                <span class="method-start">0 ms</span>
              </div> <!-- test-method -->
              <div class="test-method">
                <span class="method-name">testTodaysDeal</span>
                <span class="method-start">0 ms</span>
              </div> <!-- test-method -->
              <div class="test-method">
                <span class="method-name">testTodaysDealsUnder$25</span>
                <span class="method-start">0 ms</span>
              </div> <!-- test-method -->
              <div class="test-method">
                <span class="method-name">testTrendsInLowPricedWatches</span>
                <span class="method-start">0 ms</span>
              </div> <!-- test-method -->
              <div class="test-method">
                <span class="method-name">testWholeFoods</span>
                <span class="method-start">0 ms</span>
              </div> <!-- test-method -->
              <div class="test-method">
                <span class="method-name">testYourAccount</span>
                <span class="method-start">0 ms</span>
              </div> <!-- test-method -->
              <div class="test-method">
                <span class="method-name">testYourAmazonDotCom</span>
                <span class="method-start">0 ms</span>
              </div> <!-- test-method -->
              <div class="test-method">
                <span class="method-name">testYourOrders</span>
                <span class="method-start">0 ms</span>
              </div> <!-- test-method -->
              <div class="test-method">
                <span class="method-name">testZappos</span>
                <span class="method-start">0 ms</span>
              </div> <!-- test-method -->
              <div class="test-method">
                <span class="method-name">testviewSearchBox</span>
                <span class="method-start">0 ms</span>
              </div> <!-- test-method -->
              <div class="test-method">
                <span class="method-name">testLogo</span>
                <span class="method-start">0 ms</span>
              </div> <!-- test-method -->
              <div class="configuration-suite before">
                <span class="method-name">extentSetup(org.testng.TestRunner@2c5529ab)</span>
                <span class="method-start">0 ms</span>
              </div> <!-- configuration-suite before -->
              <div class="configuration-method before">
                <img src="failed.png">
                </img>
                <span class="method-name">setUp(false, browserstack, Windows, 10, chrome, 60.0, https://www.amazon.com/)</span>
                <span class="method-start">168 ms</span>
              </div> <!-- configuration-method before -->
          </div> <!-- main-panel-content rounded-window-bottom -->
        </div> <!-- panel -->
      </div> <!-- main-panel-root -->
    </div> <!-- wrapper -->
  </body>
</html>
